/home/saurabh/method-energy-dataset/dummy is not a Git repository, so git metadata cannot be retrieved.
metadata
{}
done....
method_level_python_scripts
[
    '/home/saurabh/method-energy-dataset/dummy_patched/quickstart/advanced_method-level.py',
    '/home/saurabh/method-energy-dataset/dummy_patched/quickstart/beginner_method-level.py'
]
Running beginner.ipynb...
script path is:  /home/saurabh/method-energy-dataset/dummy_patched/beginner_method-level.py  method level 
script is: 
[
    '/home/saurabh/method-energy-dataset/dummy_patched/quickstart/advanced_method-level.py',
    '/home/saurabh/method-energy-dataset/dummy_patched/quickstart/beginner_method-level.py'
]
2023-10-23 14:06:23.458509: I tensorflow/core/platform/cpu_feature_guard.cc:193] This TensorFlow binary is
optimized with oneAPI Deep Neural Network Library (oneDNN) to use the following CPU instructions in 
performance-critical operations:  AVX2 AVX512F AVX512_VNNI FMA
To enable them in other operations, rebuild TensorFlow with the appropriate compiler flags.
2023-10-23 14:06:23.569295: I tensorflow/core/util/port.cc:104] oneDNN custom operations are on. You may 
see slightly different numerical results due to floating-point round-off errors from different computation
orders. To turn them off, set the environment variable `TF_ENABLE_ONEDNN_OPTS=0`.
2023-10-23 14:06:24.160462: W tensorflow/compiler/xla/stream_executor/platform/default/dso_loader.cc:64] 
Could not load dynamic library 'libnvinfer.so.7'; dlerror: libnvinfer.so.7: cannot open shared object 
file: No such file or directory; LD_LIBRARY_PATH: /home/saurabh/miniconda3/envs/tf2/lib
2023-10-23 14:06:24.160506: W tensorflow/compiler/xla/stream_executor/platform/default/dso_loader.cc:64] 
Could not load dynamic library 'libnvinfer_plugin.so.7'; dlerror: libnvinfer_plugin.so.7: cannot open 
shared object file: No such file or directory; LD_LIBRARY_PATH: /home/saurabh/miniconda3/envs/tf2/lib
2023-10-23 14:06:24.160511: W tensorflow/compiler/tf2tensorrt/utils/py_utils.cc:38] TF-TRT Warning: Cannot
dlopen some TensorRT libraries. If you would like to use Nvidia GPU with TensorRT, please make sure the 
missing libraries mentioned above are installed properly.
2023-10-23 14:06:26.096260: W tensorflow/core/common_runtime/gpu/gpu_bfc_allocator.cc:42] Overriding 
orig_value setting because the TF_FORCE_GPU_ALLOW_GROWTH environment variable is set. Original config 
value was 0.
2023-10-23 14:06:26.096298: I tensorflow/core/common_runtime/gpu/gpu_device.cc:1613] Created device 
/job:localhost/replica:0/task:0/device:GPU:0 with 6103 MB memory:  -> device: 0, name: NVIDIA GeForce RTX 
3070 Ti, pci bus id: 0000:8a:00.0, compute capability: 8.6
2023-10-23 14:06:26.762092: I tensorflow/compiler/xla/stream_executor/cuda/cuda_blas.cc:630] 
TensorFloat-32 will be used for the matrix multiplication. This will only be logged once.
TensorFlow version: 2.11.0
[EXECUTION] [14:06:26] Performed tensorflow.keras.models.Sequential() on input and will now save energy 
data on line 7.
inside_arg_size
++++++4++++++
++++++4++++++
++++++5++++++
5-size 8664.0
++++++5++++++
5-size 11520.0
++++++5++++++
5-size 9320.0
++++++5++++++
5-size 11464.0
4-size 40968.0
++++++5++++++
5-size 8664.0
++++++5++++++
5-size 11520.0
++++++5++++++
5-size 9320.0
++++++5++++++
5-size 11464.0
4-size 40968.0
++++++4++++++
++++++5++++++
5-size 8664.0
++++++5++++++
5-size 11520.0
++++++5++++++
5-size 9320.0
++++++5++++++
5-size 11464.0
4-size 40968.0
++++++5++++++
5-size 8664.0
++++++5++++++
5-size 11520.0
++++++5++++++
5-size 9320.0
++++++5++++++
5-size 11464.0
outside_arg_size
inside_kwarg_size
outside_kwarg_size
inside_object_size
outside_object_size
Sizes collected: 
40968.0
0
0
[EXECUTION] [14:06:26] Result: {'tensorflow.keras.models.Sequential()': {'settings': {'max_wait_s': 120, 
'wait_after_run_s': 30, 'w
[EXECUTION] [14:06:26] Data written to file 
/home/saurabh/method-energy-dataset/data/energy-dataset/method-level/beginner/experiment-1.json
[EXECUTION] [14:06:26] Performed tensorflow.keras.models.Sequential(x_train[:1]).numpy() on input and will
now save energy data on line 13.
inside_arg_size
outside_arg_size
inside_kwarg_size
outside_kwarg_size
inside_object_size
++++++5++++++
5-size 85336.0
outside_object_size
Sizes collected: 
0
0
85336.0
[EXECUTION] [14:06:26] Result: {'tensorflow.keras.models.Sequential(x_train[:1]).numpy()': {'settings': 
{'max_wait_s': 120, 'wait_a
[EXECUTION] [14:06:26] Data written to file 
/home/saurabh/method-energy-dataset/data/energy-dataset/method-level/beginner/experiment-1.json
[EXECUTION] [14:06:26] Performed tensorflow.nn.softmax(predictions).numpy() on input and will now save 
energy data on line 15.
inside_arg_size
outside_arg_size
inside_kwarg_size
outside_kwarg_size
inside_object_size
outside_object_size
Sizes collected: 
0
0
0
[EXECUTION] [14:06:26] Result: {'tensorflow.nn.softmax(predictions).numpy()': {'settings': {'max_wait_s': 
120, 'wait_after_run_s': 
[EXECUTION] [14:06:26] Data written to file 
/home/saurabh/method-energy-dataset/data/energy-dataset/method-level/beginner/experiment-1.json
[EXECUTION] [14:06:26] Performed tensorflow.keras.losses.SparseCategoricalCrossentropy() on input and will
now save energy data on line 16.
inside_arg_size
outside_arg_size
inside_kwarg_size
++++++4++++++
++++++5++++++
5-size 64.0
4-size 64.0
++++++5++++++
5-size 64.0
outside_kwarg_size
inside_object_size
outside_object_size
Sizes collected: 
0
64.0
0
[EXECUTION] [14:06:26] Result: {'tensorflow.keras.losses.SparseCategoricalCrossentropy()': {'settings': 
{'max_wait_s': 120, 'wait_a
[EXECUTION] [14:06:26] Data written to file 
/home/saurabh/method-energy-dataset/data/energy-dataset/method-level/beginner/experiment-1.json
[EXECUTION] [14:06:26] Performed tensorflow.keras.losses.SparseCategoricalCrossentropy(y_train[:1], 
predictions).numpy() on input and will now save energy data on line 17.
inside_arg_size
outside_arg_size
inside_kwarg_size
outside_kwarg_size
inside_object_size
++++++5++++++
5-size 1144.0
outside_object_size
Sizes collected: 
0
0
1144.0
[EXECUTION] [14:06:26] Result: {'tensorflow.keras.losses.SparseCategoricalCrossentropy(y_train[:1], 
predictions).numpy()': {'settin
[EXECUTION] [14:06:26] Data written to file 
/home/saurabh/method-energy-dataset/data/energy-dataset/method-level/beginner/experiment-1.json
[EXECUTION] [14:06:26] Performed tensorflow.keras.models.Sequential.compile() on input and will now save 
energy data on line 18.
inside_arg_size
outside_arg_size
inside_kwarg_size
++++++4++++++
++++++5++++++
5-size 64.0
++++++5++++++
5-size 56.0
++++++5++++++
5-size 56.0
4-size 176.0
++++++5++++++
5-size 64.0
++++++5++++++
5-size 56.0
++++++5++++++
5-size 56.0
outside_kwarg_size
inside_object_size
++++++5++++++
5-size 114200.0
outside_object_size
Sizes collected: 
0
176.0
114200.0
[EXECUTION] [14:06:26] Result: {'tensorflow.keras.models.Sequential.compile()': {'settings': 
{'max_wait_s': 120, 'wait_after_run_s'
[EXECUTION] [14:06:26] Data written to file 
/home/saurabh/method-energy-dataset/data/energy-dataset/method-level/beginner/experiment-1.json
Epoch 1/5

   1/1875 [..............................] - ETA: 27:42 - loss: 2.2893 - accuracy: 0.0625
  12/1875 [..............................] - ETA: 8s - loss: 2.0440 - accuracy: 0.2891   
  23/1875 [..............................] - ETA: 8s - loss: 1.7717 - accuracy: 0.4416
  37/1875 [..............................] - ETA: 7s - loss: 1.5084 - accuracy: 0.5574
  52/1875 [..............................] - ETA: 7s - loss: 1.2897 - accuracy: 0.6274
  67/1875 [>.............................] - ETA: 7s - loss: 1.1512 - accuracy: 0.6660
  85/1875 [>.............................] - ETA: 6s - loss: 1.0439 - accuracy: 0.6967
 100/1875 [>.............................] - ETA: 6s - loss: 0.9660 - accuracy: 0.7203
 115/1875 [>.............................] - ETA: 6s - loss: 0.8986 - accuracy: 0.7405
 129/1875 [=>............................] - ETA: 6s - loss: 0.8530 - accuracy: 0.7553
 144/1875 [=>............................] - ETA: 6s - loss: 0.8084 - accuracy: 0.7680
 158/1875 [=>............................] - ETA: 6s - loss: 0.7815 - accuracy: 0.7747
 171/1875 [=>............................] - ETA: 6s - loss: 0.7605 - accuracy: 0.7803
 185/1875 [=>............................] - ETA: 6s - loss: 0.7433 - accuracy: 0.7860
 199/1875 [==>...........................] - ETA: 6s - loss: 0.7239 - accuracy: 0.7930
 214/1875 [==>...........................] - ETA: 6s - loss: 0.7044 - accuracy: 0.7982
 230/1875 [==>...........................] - ETA: 5s - loss: 0.6866 - accuracy: 0.8027
 245/1875 [==>...........................] - ETA: 5s - loss: 0.6682 - accuracy: 0.8087
 260/1875 [===>..........................] - ETA: 5s - loss: 0.6524 - accuracy: 0.8129
 275/1875 [===>..........................] - ETA: 5s - loss: 0.6385 - accuracy: 0.8175
 289/1875 [===>..........................] - ETA: 5s - loss: 0.6280 - accuracy: 0.8203
 304/1875 [===>..........................] - ETA: 5s - loss: 0.6133 - accuracy: 0.8245
 319/1875 [====>.........................] - ETA: 5s - loss: 0.6033 - accuracy: 0.8276
 334/1875 [====>.........................] - ETA: 5s - loss: 0.5923 - accuracy: 0.8305
 349/1875 [====>.........................] - ETA: 5s - loss: 0.5828 - accuracy: 0.8328
 364/1875 [====>.........................] - ETA: 5s - loss: 0.5791 - accuracy: 0.8333
 379/1875 [=====>........................] - ETA: 5s - loss: 0.5691 - accuracy: 0.8361
 394/1875 [=====>........................] - ETA: 5s - loss: 0.5609 - accuracy: 0.8384
 409/1875 [=====>........................] - ETA: 5s - loss: 0.5540 - accuracy: 0.8401
 424/1875 [=====>........................] - ETA: 5s - loss: 0.5449 - accuracy: 0.8429
 439/1875 [======>.......................] - ETA: 5s - loss: 0.5347 - accuracy: 0.8459
 454/1875 [======>.......................] - ETA: 5s - loss: 0.5260 - accuracy: 0.8482
 469/1875 [======>.......................] - ETA: 4s - loss: 0.5189 - accuracy: 0.8504
 484/1875 [======>.......................] - ETA: 4s - loss: 0.5138 - accuracy: 0.8519
 499/1875 [======>.......................] - ETA: 4s - loss: 0.5096 - accuracy: 0.8532
 512/1875 [=======>......................] - ETA: 4s - loss: 0.5035 - accuracy: 0.8552
 527/1875 [=======>......................] - ETA: 4s - loss: 0.4966 - accuracy: 0.8569
 542/1875 [=======>......................] - ETA: 4s - loss: 0.4912 - accuracy: 0.8577
 557/1875 [=======>......................] - ETA: 4s - loss: 0.4867 - accuracy: 0.8593
 572/1875 [========>.....................] - ETA: 4s - loss: 0.4817 - accuracy: 0.8608
 587/1875 [========>.....................] - ETA: 4s - loss: 0.4761 - accuracy: 0.8626
 602/1875 [========>.....................] - ETA: 4s - loss: 0.4708 - accuracy: 0.8637
 616/1875 [========>.....................] - ETA: 4s - loss: 0.4668 - accuracy: 0.8648
 630/1875 [=========>....................] - ETA: 4s - loss: 0.4619 - accuracy: 0.8661
 644/1875 [=========>....................] - ETA: 4s - loss: 0.4587 - accuracy: 0.8667
 658/1875 [=========>....................] - ETA: 4s - loss: 0.4555 - accuracy: 0.8678
 673/1875 [=========>....................] - ETA: 4s - loss: 0.4524 - accuracy: 0.8687
 688/1875 [==========>...................] - ETA: 4s - loss: 0.4483 - accuracy: 0.8700
 703/1875 [==========>...................] - ETA: 4s - loss: 0.4442 - accuracy: 0.8713
 718/1875 [==========>...................] - ETA: 4s - loss: 0.4426 - accuracy: 0.8717
 733/1875 [==========>...................] - ETA: 4s - loss: 0.4391 - accuracy: 0.8726
 748/1875 [==========>...................] - ETA: 4s - loss: 0.4344 - accuracy: 0.8740
 762/1875 [===========>..................] - ETA: 3s - loss: 0.4313 - accuracy: 0.8748
 777/1875 [===========>..................] - ETA: 3s - loss: 0.4285 - accuracy: 0.8756
 792/1875 [===========>..................] - ETA: 3s - loss: 0.4250 - accuracy: 0.8768
 807/1875 [===========>..................] - ETA: 3s - loss: 0.4213 - accuracy: 0.8778
 822/1875 [============>.................] - ETA: 3s - loss: 0.4181 - accuracy: 0.8788
 836/1875 [============>.................] - ETA: 3s - loss: 0.4149 - accuracy: 0.8798
 851/1875 [============>.................] - ETA: 3s - loss: 0.4114 - accuracy: 0.8808
 866/1875 [============>.................] - ETA: 3s - loss: 0.4087 - accuracy: 0.8817
 881/1875 [=============>................] - ETA: 3s - loss: 0.4057 - accuracy: 0.8827
 896/1875 [=============>................] - ETA: 3s - loss: 0.4037 - accuracy: 0.8834
 911/1875 [=============>................] - ETA: 3s - loss: 0.4013 - accuracy: 0.8841
 926/1875 [=============>................] - ETA: 3s - loss: 0.3987 - accuracy: 0.8848
 941/1875 [==============>...............] - ETA: 3s - loss: 0.3961 - accuracy: 0.8855
 956/1875 [==============>...............] - ETA: 3s - loss: 0.3939 - accuracy: 0.8861
 971/1875 [==============>...............] - ETA: 3s - loss: 0.3922 - accuracy: 0.8867
 984/1875 [==============>...............] - ETA: 3s - loss: 0.3906 - accuracy: 0.8871
 998/1875 [==============>...............] - ETA: 3s - loss: 0.3878 - accuracy: 0.8880
1013/1875 [===============>..............] - ETA: 3s - loss: 0.3853 - accuracy: 0.8887
1028/1875 [===============>..............] - ETA: 3s - loss: 0.3831 - accuracy: 0.8893
1043/1875 [===============>..............] - ETA: 2s - loss: 0.3803 - accuracy: 0.8900
1058/1875 [===============>..............] - ETA: 2s - loss: 0.3775 - accuracy: 0.8908
1073/1875 [================>.............] - ETA: 2s - loss: 0.3752 - accuracy: 0.8915
1088/1875 [================>.............] - ETA: 2s - loss: 0.3727 - accuracy: 0.8922
1103/1875 [================>.............] - ETA: 2s - loss: 0.3705 - accuracy: 0.8928
1118/1875 [================>.............] - ETA: 2s - loss: 0.3678 - accuracy: 0.8937
1133/1875 [=================>............] - ETA: 2s - loss: 0.3661 - accuracy: 0.8942
1148/1875 [=================>............] - ETA: 2s - loss: 0.3648 - accuracy: 0.8947
1163/1875 [=================>............] - ETA: 2s - loss: 0.3631 - accuracy: 0.8950
1178/1875 [=================>............] - ETA: 2s - loss: 0.3609 - accuracy: 0.8956
1193/1875 [==================>...........] - ETA: 2s - loss: 0.3591 - accuracy: 0.8962
1208/1875 [==================>...........] - ETA: 2s - loss: 0.3577 - accuracy: 0.8965
1223/1875 [==================>...........] - ETA: 2s - loss: 0.3555 - accuracy: 0.8971
1238/1875 [==================>...........] - ETA: 2s - loss: 0.3535 - accuracy: 0.8977
1253/1875 [===================>..........] - ETA: 2s - loss: 0.3520 - accuracy: 0.8980
1268/1875 [===================>..........] - ETA: 2s - loss: 0.3501 - accuracy: 0.8986
1283/1875 [===================>..........] - ETA: 2s - loss: 0.3481 - accuracy: 0.8991
1298/1875 [===================>..........] - ETA: 2s - loss: 0.3466 - accuracy: 0.8994
1313/1875 [====================>.........] - ETA: 1s - loss: 0.3448 - accuracy: 0.9001
1328/1875 [====================>.........] - ETA: 1s - loss: 0.3433 - accuracy: 0.9004
1343/1875 [====================>.........] - ETA: 1s - loss: 0.3418 - accuracy: 0.9008
1358/1875 [====================>.........] - ETA: 1s - loss: 0.3411 - accuracy: 0.9010
1373/1875 [====================>.........] - ETA: 1s - loss: 0.3392 - accuracy: 0.9015
1385/1875 [=====================>........] - ETA: 1s - loss: 0.3379 - accuracy: 0.9019
1400/1875 [=====================>........] - ETA: 1s - loss: 0.3366 - accuracy: 0.9021
1414/1875 [=====================>........] - ETA: 1s - loss: 0.3355 - accuracy: 0.9024
1429/1875 [=====================>........] - ETA: 1s - loss: 0.3346 - accuracy: 0.9026
1444/1875 [======================>.......] - ETA: 1s - loss: 0.3331 - accuracy: 0.9030
1459/1875 [======================>.......] - ETA: 1s - loss: 0.3315 - accuracy: 0.9034
1474/1875 [======================>.......] - ETA: 1s - loss: 0.3304 - accuracy: 0.9038
1489/1875 [======================>.......] - ETA: 1s - loss: 0.3292 - accuracy: 0.9041
1504/1875 [=======================>......] - ETA: 1s - loss: 0.3281 - accuracy: 0.9045
1519/1875 [=======================>......] - ETA: 1s - loss: 0.3269 - accuracy: 0.9050
1534/1875 [=======================>......] - ETA: 1s - loss: 0.3254 - accuracy: 0.9055
1549/1875 [=======================>......] - ETA: 1s - loss: 0.3243 - accuracy: 0.9059
1564/1875 [========================>.....] - ETA: 1s - loss: 0.3235 - accuracy: 0.9061
1579/1875 [========================>.....] - ETA: 1s - loss: 0.3223 - accuracy: 0.9065
1594/1875 [========================>.....] - ETA: 0s - loss: 0.3209 - accuracy: 0.9068
1609/1875 [========================>.....] - ETA: 0s - loss: 0.3196 - accuracy: 0.9072
1624/1875 [========================>.....] - ETA: 0s - loss: 0.3191 - accuracy: 0.9073
1639/1875 [=========================>....] - ETA: 0s - loss: 0.3178 - accuracy: 0.9078
1654/1875 [=========================>....] - ETA: 0s - loss: 0.3169 - accuracy: 0.9080
1669/1875 [=========================>....] - ETA: 0s - loss: 0.3157 - accuracy: 0.9083
1684/1875 [=========================>....] - ETA: 0s - loss: 0.3146 - accuracy: 0.9086
1699/1875 [==========================>...] - ETA: 0s - loss: 0.3135 - accuracy: 0.9090
1714/1875 [==========================>...] - ETA: 0s - loss: 0.3122 - accuracy: 0.9094
1729/1875 [==========================>...] - ETA: 0s - loss: 0.3112 - accuracy: 0.9096
1742/1875 [==========================>...] - ETA: 0s - loss: 0.3103 - accuracy: 0.9100
1756/1875 [===========================>..] - ETA: 0s - loss: 0.3094 - accuracy: 0.9102
1770/1875 [===========================>..] - ETA: 0s - loss: 0.3084 - accuracy: 0.9105
1785/1875 [===========================>..] - ETA: 0s - loss: 0.3074 - accuracy: 0.9108
1800/1875 [===========================>..] - ETA: 0s - loss: 0.3062 - accuracy: 0.9111
1815/1875 [============================>.] - ETA: 0s - loss: 0.3050 - accuracy: 0.9116
1829/1875 [============================>.] - ETA: 0s - loss: 0.3044 - accuracy: 0.9117
1844/1875 [============================>.] - ETA: 0s - loss: 0.3031 - accuracy: 0.9121
1859/1875 [============================>.] - ETA: 0s - loss: 0.3020 - accuracy: 0.9123
1874/1875 [============================>.] - ETA: 0s - loss: 0.3012 - accuracy: 0.9126
1875/1875 [==============================] - 8s 4ms/step - loss: 0.3011 - accuracy: 0.9127
Epoch 2/5

   1/1875 [..............................] - ETA: 7s - loss: 0.0478 - accuracy: 1.0000
  15/1875 [..............................] - ETA: 6s - loss: 0.1486 - accuracy: 0.9542
  29/1875 [..............................] - ETA: 6s - loss: 0.1792 - accuracy: 0.9472
  44/1875 [..............................] - ETA: 6s - loss: 0.1724 - accuracy: 0.9524
  59/1875 [..............................] - ETA: 6s - loss: 0.1852 - accuracy: 0.9460
  74/1875 [>.............................] - ETA: 6s - loss: 0.1815 - accuracy: 0.9468
  89/1875 [>.............................] - ETA: 6s - loss: 0.1727 - accuracy: 0.9487
 104/1875 [>.............................] - ETA: 6s - loss: 0.1669 - accuracy: 0.9501
 119/1875 [>.............................] - ETA: 6s - loss: 0.1702 - accuracy: 0.9498
 134/1875 [=>............................] - ETA: 6s - loss: 0.1680 - accuracy: 0.9506
 149/1875 [=>............................] - ETA: 5s - loss: 0.1700 - accuracy: 0.9511
 164/1875 [=>............................] - ETA: 5s - loss: 0.1666 - accuracy: 0.9524
 179/1875 [=>............................] - ETA: 5s - loss: 0.1666 - accuracy: 0.9518
 194/1875 [==>...........................] - ETA: 5s - loss: 0.1723 - accuracy: 0.9497
 209/1875 [==>...........................] - ETA: 5s - loss: 0.1739 - accuracy: 0.9496
 224/1875 [==>...........................] - ETA: 5s - loss: 0.1771 - accuracy: 0.9487
 239/1875 [==>...........................] - ETA: 5s - loss: 0.1759 - accuracy: 0.9490
 254/1875 [===>..........................] - ETA: 5s - loss: 0.1756 - accuracy: 0.9488
 269/1875 [===>..........................] - ETA: 5s - loss: 0.1762 - accuracy: 0.9491
 282/1875 [===>..........................] - ETA: 5s - loss: 0.1755 - accuracy: 0.9494
 296/1875 [===>..........................] - ETA: 5s - loss: 0.1729 - accuracy: 0.9496
 311/1875 [===>..........................] - ETA: 5s - loss: 0.1714 - accuracy: 0.9505
 326/1875 [====>.........................] - ETA: 5s - loss: 0.1689 - accuracy: 0.9516
 341/1875 [====>.........................] - ETA: 5s - loss: 0.1680 - accuracy: 0.9519
 356/1875 [====>.........................] - ETA: 5s - loss: 0.1668 - accuracy: 0.9519
 371/1875 [====>.........................] - ETA: 5s - loss: 0.1667 - accuracy: 0.9516
 386/1875 [=====>........................] - ETA: 5s - loss: 0.1665 - accuracy: 0.9515
 401/1875 [=====>........................] - ETA: 5s - loss: 0.1654 - accuracy: 0.9517
 416/1875 [=====>........................] - ETA: 5s - loss: 0.1639 - accuracy: 0.9523
 431/1875 [=====>........................] - ETA: 5s - loss: 0.1626 - accuracy: 0.9527
 446/1875 [======>.......................] - ETA: 4s - loss: 0.1633 - accuracy: 0.9524
 461/1875 [======>.......................] - ETA: 4s - loss: 0.1623 - accuracy: 0.9528
 474/1875 [======>.......................] - ETA: 4s - loss: 0.1630 - accuracy: 0.9521
 488/1875 [======>.......................] - ETA: 4s - loss: 0.1630 - accuracy: 0.9522
 502/1875 [=======>......................] - ETA: 4s - loss: 0.1617 - accuracy: 0.9525
 517/1875 [=======>......................] - ETA: 4s - loss: 0.1616 - accuracy: 0.9526
 530/1875 [=======>......................] - ETA: 4s - loss: 0.1619 - accuracy: 0.9526
 543/1875 [=======>......................] - ETA: 4s - loss: 0.1623 - accuracy: 0.9523
 558/1875 [=======>......................] - ETA: 4s - loss: 0.1614 - accuracy: 0.9526
 573/1875 [========>.....................] - ETA: 4s - loss: 0.1609 - accuracy: 0.9526
 588/1875 [========>.....................] - ETA: 4s - loss: 0.1603 - accuracy: 0.9528
 603/1875 [========>.....................] - ETA: 4s - loss: 0.1599 - accuracy: 0.9527
 618/1875 [========>.....................] - ETA: 4s - loss: 0.1595 - accuracy: 0.9527
 633/1875 [=========>....................] - ETA: 4s - loss: 0.1593 - accuracy: 0.9528
 648/1875 [=========>....................] - ETA: 4s - loss: 0.1583 - accuracy: 0.9528
 663/1875 [=========>....................] - ETA: 4s - loss: 0.1573 - accuracy: 0.9532
 678/1875 [=========>....................] - ETA: 4s - loss: 0.1574 - accuracy: 0.9534
 693/1875 [==========>...................] - ETA: 4s - loss: 0.1573 - accuracy: 0.9536
 708/1875 [==========>...................] - ETA: 4s - loss: 0.1573 - accuracy: 0.9537
 723/1875 [==========>...................] - ETA: 4s - loss: 0.1560 - accuracy: 0.9541
 738/1875 [==========>...................] - ETA: 3s - loss: 0.1557 - accuracy: 0.9542
 753/1875 [===========>..................] - ETA: 3s - loss: 0.1555 - accuracy: 0.9544
 767/1875 [===========>..................] - ETA: 3s - loss: 0.1551 - accuracy: 0.9544
 782/1875 [===========>..................] - ETA: 3s - loss: 0.1552 - accuracy: 0.9544
 797/1875 [===========>..................] - ETA: 3s - loss: 0.1559 - accuracy: 0.9543
 812/1875 [===========>..................] - ETA: 3s - loss: 0.1562 - accuracy: 0.9543
 827/1875 [============>.................] - ETA: 3s - loss: 0.1556 - accuracy: 0.9543
 842/1875 [============>.................] - ETA: 3s - loss: 0.1565 - accuracy: 0.9541
 857/1875 [============>.................] - ETA: 3s - loss: 0.1562 - accuracy: 0.9541
 872/1875 [============>.................] - ETA: 3s - loss: 0.1566 - accuracy: 0.9539
 887/1875 [=============>................] - ETA: 3s - loss: 0.1562 - accuracy: 0.9542
 902/1875 [=============>................] - ETA: 3s - loss: 0.1553 - accuracy: 0.9545
 917/1875 [=============>................] - ETA: 3s - loss: 0.1550 - accuracy: 0.9545
 932/1875 [=============>................] - ETA: 3s - loss: 0.1554 - accuracy: 0.9544
 947/1875 [==============>...............] - ETA: 3s - loss: 0.1554 - accuracy: 0.9544
 962/1875 [==============>...............] - ETA: 3s - loss: 0.1554 - accuracy: 0.9545
 977/1875 [==============>...............] - ETA: 3s - loss: 0.1554 - accuracy: 0.9545
 992/1875 [==============>...............] - ETA: 3s - loss: 0.1551 - accuracy: 0.9546
1007/1875 [===============>..............] - ETA: 3s - loss: 0.1556 - accuracy: 0.9545
1022/1875 [===============>..............] - ETA: 2s - loss: 0.1555 - accuracy: 0.9546
1037/1875 [===============>..............] - ETA: 2s - loss: 0.1551 - accuracy: 0.9547
1052/1875 [===============>..............] - ETA: 2s - loss: 0.1545 - accuracy: 0.9548
1067/1875 [================>.............] - ETA: 2s - loss: 0.1545 - accuracy: 0.9548
1082/1875 [================>.............] - ETA: 2s - loss: 0.1543 - accuracy: 0.9548
1097/1875 [================>.............] - ETA: 2s - loss: 0.1543 - accuracy: 0.9547
1112/1875 [================>.............] - ETA: 2s - loss: 0.1543 - accuracy: 0.9548
1127/1875 [=================>............] - ETA: 2s - loss: 0.1539 - accuracy: 0.9548
1141/1875 [=================>............] - ETA: 2s - loss: 0.1535 - accuracy: 0.9549
1157/1875 [=================>............] - ETA: 2s - loss: 0.1531 - accuracy: 0.9552
1175/1875 [=================>............] - ETA: 2s - loss: 0.1528 - accuracy: 0.9553
1194/1875 [==================>...........] - ETA: 2s - loss: 0.1521 - accuracy: 0.9553
1209/1875 [==================>...........] - ETA: 2s - loss: 0.1521 - accuracy: 0.9554
1224/1875 [==================>...........] - ETA: 2s - loss: 0.1521 - accuracy: 0.9554
1240/1875 [==================>...........] - ETA: 2s - loss: 0.1517 - accuracy: 0.9555
1255/1875 [===================>..........] - ETA: 2s - loss: 0.1512 - accuracy: 0.9556
1270/1875 [===================>..........] - ETA: 2s - loss: 0.1508 - accuracy: 0.9557
1285/1875 [===================>..........] - ETA: 2s - loss: 0.1507 - accuracy: 0.9557
1301/1875 [===================>..........] - ETA: 1s - loss: 0.1503 - accuracy: 0.9557
1317/1875 [====================>.........] - ETA: 1s - loss: 0.1500 - accuracy: 0.9557
1332/1875 [====================>.........] - ETA: 1s - loss: 0.1496 - accuracy: 0.9558
1347/1875 [====================>.........] - ETA: 1s - loss: 0.1490 - accuracy: 0.9560
1362/1875 [====================>.........] - ETA: 1s - loss: 0.1487 - accuracy: 0.9560
1377/1875 [=====================>........] - ETA: 1s - loss: 0.1487 - accuracy: 0.9561
1392/1875 [=====================>........] - ETA: 1s - loss: 0.1486 - accuracy: 0.9561
1407/1875 [=====================>........] - ETA: 1s - loss: 0.1488 - accuracy: 0.9561
1422/1875 [=====================>........] - ETA: 1s - loss: 0.1484 - accuracy: 0.9563
1437/1875 [=====================>........] - ETA: 1s - loss: 0.1479 - accuracy: 0.9564
1452/1875 [======================>.......] - ETA: 1s - loss: 0.1475 - accuracy: 0.9565
1467/1875 [======================>.......] - ETA: 1s - loss: 0.1474 - accuracy: 0.9565
1481/1875 [======================>.......] - ETA: 1s - loss: 0.1474 - accuracy: 0.9566
1496/1875 [======================>.......] - ETA: 1s - loss: 0.1479 - accuracy: 0.9564
1511/1875 [=======================>......] - ETA: 1s - loss: 0.1482 - accuracy: 0.9563
1526/1875 [=======================>......] - ETA: 1s - loss: 0.1479 - accuracy: 0.9563
1541/1875 [=======================>......] - ETA: 1s - loss: 0.1478 - accuracy: 0.9564
1556/1875 [=======================>......] - ETA: 1s - loss: 0.1477 - accuracy: 0.9565
1571/1875 [========================>.....] - ETA: 1s - loss: 0.1473 - accuracy: 0.9566
1586/1875 [========================>.....] - ETA: 0s - loss: 0.1473 - accuracy: 0.9566
1600/1875 [========================>.....] - ETA: 0s - loss: 0.1473 - accuracy: 0.9566
1615/1875 [========================>.....] - ETA: 0s - loss: 0.1470 - accuracy: 0.9566
1630/1875 [=========================>....] - ETA: 0s - loss: 0.1469 - accuracy: 0.9565
1645/1875 [=========================>....] - ETA: 0s - loss: 0.1468 - accuracy: 0.9566
1659/1875 [=========================>....] - ETA: 0s - loss: 0.1467 - accuracy: 0.9566
1674/1875 [=========================>....] - ETA: 0s - loss: 0.1467 - accuracy: 0.9566
1689/1875 [==========================>...] - ETA: 0s - loss: 0.1466 - accuracy: 0.9566
1704/1875 [==========================>...] - ETA: 0s - loss: 0.1464 - accuracy: 0.9567
1719/1875 [==========================>...] - ETA: 0s - loss: 0.1463 - accuracy: 0.9567
1734/1875 [==========================>...] - ETA: 0s - loss: 0.1464 - accuracy: 0.9567
1749/1875 [==========================>...] - ETA: 0s - loss: 0.1461 - accuracy: 0.9567
1764/1875 [===========================>..] - ETA: 0s - loss: 0.1458 - accuracy: 0.9568
1779/1875 [===========================>..] - ETA: 0s - loss: 0.1459 - accuracy: 0.9567
1794/1875 [===========================>..] - ETA: 0s - loss: 0.1457 - accuracy: 0.9568
1809/1875 [===========================>..] - ETA: 0s - loss: 0.1457 - accuracy: 0.9568
1824/1875 [============================>.] - ETA: 0s - loss: 0.1459 - accuracy: 0.9567
1839/1875 [============================>.] - ETA: 0s - loss: 0.1457 - accuracy: 0.9567
1854/1875 [============================>.] - ETA: 0s - loss: 0.1457 - accuracy: 0.9568
1869/1875 [============================>.] - ETA: 0s - loss: 0.1455 - accuracy: 0.9568
1875/1875 [==============================] - 6s 3ms/step - loss: 0.1453 - accuracy: 0.9568
Epoch 3/5

   1/1875 [..............................] - ETA: 6s - loss: 0.0503 - accuracy: 1.0000
  16/1875 [..............................] - ETA: 6s - loss: 0.1065 - accuracy: 0.9727
  31/1875 [..............................] - ETA: 6s - loss: 0.0945 - accuracy: 0.9738
  46/1875 [..............................] - ETA: 6s - loss: 0.0884 - accuracy: 0.9762
  61/1875 [..............................] - ETA: 6s - loss: 0.0941 - accuracy: 0.9723
  76/1875 [>.............................] - ETA: 6s - loss: 0.0988 - accuracy: 0.9708
  91/1875 [>.............................] - ETA: 6s - loss: 0.1074 - accuracy: 0.9681
 104/1875 [>.............................] - ETA: 6s - loss: 0.1115 - accuracy: 0.9651
 119/1875 [>.............................] - ETA: 6s - loss: 0.1099 - accuracy: 0.9651
 134/1875 [=>............................] - ETA: 6s - loss: 0.1143 - accuracy: 0.9646
 149/1875 [=>............................] - ETA: 6s - loss: 0.1126 - accuracy: 0.9650
 164/1875 [=>............................] - ETA: 5s - loss: 0.1101 - accuracy: 0.9655
 179/1875 [=>............................] - ETA: 5s - loss: 0.1116 - accuracy: 0.9649
 194/1875 [==>...........................] - ETA: 5s - loss: 0.1131 - accuracy: 0.9642
 209/1875 [==>...........................] - ETA: 5s - loss: 0.1117 - accuracy: 0.9647
 225/1875 [==>...........................] - ETA: 5s - loss: 0.1112 - accuracy: 0.9649
 240/1875 [==>...........................] - ETA: 5s - loss: 0.1117 - accuracy: 0.9647
 253/1875 [===>..........................] - ETA: 5s - loss: 0.1128 - accuracy: 0.9646
 268/1875 [===>..........................] - ETA: 5s - loss: 0.1139 - accuracy: 0.9647
 283/1875 [===>..........................] - ETA: 5s - loss: 0.1129 - accuracy: 0.9651
 298/1875 [===>..........................] - ETA: 5s - loss: 0.1115 - accuracy: 0.9655
 313/1875 [====>.........................] - ETA: 5s - loss: 0.1110 - accuracy: 0.9654
 327/1875 [====>.........................] - ETA: 5s - loss: 0.1117 - accuracy: 0.9649
 342/1875 [====>.........................] - ETA: 5s - loss: 0.1129 - accuracy: 0.9645
 357/1875 [====>.........................] - ETA: 5s - loss: 0.1120 - accuracy: 0.9646
 372/1875 [====>.........................] - ETA: 5s - loss: 0.1120 - accuracy: 0.9647
 387/1875 [=====>........................] - ETA: 5s - loss: 0.1125 - accuracy: 0.9646
 402/1875 [=====>........................] - ETA: 5s - loss: 0.1147 - accuracy: 0.9643
 417/1875 [=====>........................] - ETA: 5s - loss: 0.1141 - accuracy: 0.9648
 432/1875 [=====>........................] - ETA: 5s - loss: 0.1131 - accuracy: 0.9651
 447/1875 [======>.......................] - ETA: 4s - loss: 0.1130 - accuracy: 0.9650
 462/1875 [======>.......................] - ETA: 4s - loss: 0.1135 - accuracy: 0.9649
 477/1875 [======>.......................] - ETA: 4s - loss: 0.1139 - accuracy: 0.9646
 492/1875 [======>.......................] - ETA: 4s - loss: 0.1135 - accuracy: 0.9646
 507/1875 [=======>......................] - ETA: 4s - loss: 0.1131 - accuracy: 0.9646
 522/1875 [=======>......................] - ETA: 4s - loss: 0.1125 - accuracy: 0.9649
 537/1875 [=======>......................] - ETA: 4s - loss: 0.1124 - accuracy: 0.9650
 552/1875 [=======>......................] - ETA: 4s - loss: 0.1117 - accuracy: 0.9652
 567/1875 [========>.....................] - ETA: 4s - loss: 0.1120 - accuracy: 0.9653
 580/1875 [========>.....................] - ETA: 4s - loss: 0.1131 - accuracy: 0.9649
 601/1875 [========>.....................] - ETA: 4s - loss: 0.1136 - accuracy: 0.9645
 622/1875 [========>.....................] - ETA: 4s - loss: 0.1133 - accuracy: 0.9645
 643/1875 [=========>....................] - ETA: 4s - loss: 0.1134 - accuracy: 0.9646
 664/1875 [=========>....................] - ETA: 4s - loss: 0.1131 - accuracy: 0.9648
 682/1875 [=========>....................] - ETA: 3s - loss: 0.1126 - accuracy: 0.9649
 698/1875 [==========>...................] - ETA: 3s - loss: 0.1118 - accuracy: 0.9652
 713/1875 [==========>...................] - ETA: 3s - loss: 0.1118 - accuracy: 0.9653
 728/1875 [==========>...................] - ETA: 3s - loss: 0.1125 - accuracy: 0.9654
 743/1875 [==========>...................] - ETA: 3s - loss: 0.1123 - accuracy: 0.9654
 758/1875 [===========>..................] - ETA: 3s - loss: 0.1119 - accuracy: 0.9657
 772/1875 [===========>..................] - ETA: 3s - loss: 0.1115 - accuracy: 0.9658
 787/1875 [===========>..................] - ETA: 3s - loss: 0.1119 - accuracy: 0.9657
 802/1875 [===========>..................] - ETA: 3s - loss: 0.1120 - accuracy: 0.9657
 817/1875 [============>.................] - ETA: 3s - loss: 0.1118 - accuracy: 0.9658
 832/1875 [============>.................] - ETA: 3s - loss: 0.1124 - accuracy: 0.9656
 847/1875 [============>.................] - ETA: 3s - loss: 0.1120 - accuracy: 0.9657
 862/1875 [============>.................] - ETA: 3s - loss: 0.1120 - accuracy: 0.9657
 877/1875 [=============>................] - ETA: 3s - loss: 0.1118 - accuracy: 0.9656
 892/1875 [=============>................] - ETA: 3s - loss: 0.1110 - accuracy: 0.9658
 907/1875 [=============>................] - ETA: 3s - loss: 0.1110 - accuracy: 0.9659
 922/1875 [=============>................] - ETA: 3s - loss: 0.1115 - accuracy: 0.9657
 937/1875 [=============>................] - ETA: 3s - loss: 0.1115 - accuracy: 0.9657
 952/1875 [==============>...............] - ETA: 3s - loss: 0.1124 - accuracy: 0.9655
 967/1875 [==============>...............] - ETA: 3s - loss: 0.1120 - accuracy: 0.9656
 982/1875 [==============>...............] - ETA: 3s - loss: 0.1117 - accuracy: 0.9658
 997/1875 [==============>...............] - ETA: 2s - loss: 0.1109 - accuracy: 0.9660
1012/1875 [===============>..............] - ETA: 2s - loss: 0.1106 - accuracy: 0.9661
1027/1875 [===============>..............] - ETA: 2s - loss: 0.1103 - accuracy: 0.9661
1042/1875 [===============>..............] - ETA: 2s - loss: 0.1099 - accuracy: 0.9662
1057/1875 [===============>..............] - ETA: 2s - loss: 0.1094 - accuracy: 0.9663
1072/1875 [================>.............] - ETA: 2s - loss: 0.1095 - accuracy: 0.9662
1087/1875 [================>.............] - ETA: 2s - loss: 0.1095 - accuracy: 0.9661
1102/1875 [================>.............] - ETA: 2s - loss: 0.1090 - accuracy: 0.9663
1117/1875 [================>.............] - ETA: 2s - loss: 0.1091 - accuracy: 0.9663
1132/1875 [=================>............] - ETA: 2s - loss: 0.1090 - accuracy: 0.9663
1145/1875 [=================>............] - ETA: 2s - loss: 0.1094 - accuracy: 0.9661
1159/1875 [=================>............] - ETA: 2s - loss: 0.1092 - accuracy: 0.9661
1173/1875 [=================>............] - ETA: 2s - loss: 0.1091 - accuracy: 0.9661
1188/1875 [==================>...........] - ETA: 2s - loss: 0.1088 - accuracy: 0.9662
1203/1875 [==================>...........] - ETA: 2s - loss: 0.1091 - accuracy: 0.9661
1218/1875 [==================>...........] - ETA: 2s - loss: 0.1086 - accuracy: 0.9663
1231/1875 [==================>...........] - ETA: 2s - loss: 0.1087 - accuracy: 0.9663
1246/1875 [==================>...........] - ETA: 2s - loss: 0.1091 - accuracy: 0.9661
1261/1875 [===================>..........] - ETA: 2s - loss: 0.1096 - accuracy: 0.9659
1276/1875 [===================>..........] - ETA: 2s - loss: 0.1097 - accuracy: 0.9660
1291/1875 [===================>..........] - ETA: 1s - loss: 0.1098 - accuracy: 0.9659
1305/1875 [===================>..........] - ETA: 1s - loss: 0.1098 - accuracy: 0.9659
1320/1875 [====================>.........] - ETA: 1s - loss: 0.1093 - accuracy: 0.9660
1335/1875 [====================>.........] - ETA: 1s - loss: 0.1090 - accuracy: 0.9661
1349/1875 [====================>.........] - ETA: 1s - loss: 0.1093 - accuracy: 0.9661
1364/1875 [====================>.........] - ETA: 1s - loss: 0.1092 - accuracy: 0.9661
1379/1875 [=====================>........] - ETA: 1s - loss: 0.1089 - accuracy: 0.9661
1394/1875 [=====================>........] - ETA: 1s - loss: 0.1087 - accuracy: 0.9662
1409/1875 [=====================>........] - ETA: 1s - loss: 0.1091 - accuracy: 0.9660
1424/1875 [=====================>........] - ETA: 1s - loss: 0.1091 - accuracy: 0.9659
1439/1875 [======================>.......] - ETA: 1s - loss: 0.1092 - accuracy: 0.9658
1454/1875 [======================>.......] - ETA: 1s - loss: 0.1093 - accuracy: 0.9658
1469/1875 [======================>.......] - ETA: 1s - loss: 0.1092 - accuracy: 0.9658
1484/1875 [======================>.......] - ETA: 1s - loss: 0.1095 - accuracy: 0.9657
1499/1875 [======================>.......] - ETA: 1s - loss: 0.1095 - accuracy: 0.9658
1514/1875 [=======================>......] - ETA: 1s - loss: 0.1093 - accuracy: 0.9659
1529/1875 [=======================>......] - ETA: 1s - loss: 0.1092 - accuracy: 0.9660
1544/1875 [=======================>......] - ETA: 1s - loss: 0.1095 - accuracy: 0.9659
1559/1875 [=======================>......] - ETA: 1s - loss: 0.1093 - accuracy: 0.9660
1574/1875 [========================>.....] - ETA: 1s - loss: 0.1095 - accuracy: 0.9659
1589/1875 [========================>.....] - ETA: 0s - loss: 0.1093 - accuracy: 0.9660
1603/1875 [========================>.....] - ETA: 0s - loss: 0.1092 - accuracy: 0.9660
1618/1875 [========================>.....] - ETA: 0s - loss: 0.1099 - accuracy: 0.9659
1633/1875 [=========================>....] - ETA: 0s - loss: 0.1098 - accuracy: 0.9660
1648/1875 [=========================>....] - ETA: 0s - loss: 0.1098 - accuracy: 0.9660
1663/1875 [=========================>....] - ETA: 0s - loss: 0.1095 - accuracy: 0.9661
1678/1875 [=========================>....] - ETA: 0s - loss: 0.1090 - accuracy: 0.9662
1693/1875 [==========================>...] - ETA: 0s - loss: 0.1089 - accuracy: 0.9662
1708/1875 [==========================>...] - ETA: 0s - loss: 0.1086 - accuracy: 0.9664
1723/1875 [==========================>...] - ETA: 0s - loss: 0.1084 - accuracy: 0.9664
1737/1875 [==========================>...] - ETA: 0s - loss: 0.1083 - accuracy: 0.9665
1751/1875 [===========================>..] - ETA: 0s - loss: 0.1083 - accuracy: 0.9665
1765/1875 [===========================>..] - ETA: 0s - loss: 0.1083 - accuracy: 0.9665
1779/1875 [===========================>..] - ETA: 0s - loss: 0.1081 - accuracy: 0.9666
1793/1875 [===========================>..] - ETA: 0s - loss: 0.1077 - accuracy: 0.9667
1806/1875 [===========================>..] - ETA: 0s - loss: 0.1077 - accuracy: 0.9668
1820/1875 [============================>.] - ETA: 0s - loss: 0.1076 - accuracy: 0.9668
1834/1875 [============================>.] - ETA: 0s - loss: 0.1075 - accuracy: 0.9668
1848/1875 [============================>.] - ETA: 0s - loss: 0.1075 - accuracy: 0.9668
1862/1875 [============================>.] - ETA: 0s - loss: 0.1076 - accuracy: 0.9668
1875/1875 [==============================] - ETA: 0s - loss: 0.1078 - accuracy: 0.9667
1875/1875 [==============================] - 6s 3ms/step - loss: 0.1078 - accuracy: 0.9667
Epoch 4/5

   1/1875 [..............................] - ETA: 6s - loss: 0.1269 - accuracy: 0.9688
  16/1875 [..............................] - ETA: 6s - loss: 0.0594 - accuracy: 0.9805
  31/1875 [..............................] - ETA: 6s - loss: 0.0651 - accuracy: 0.9808
  46/1875 [..............................] - ETA: 6s - loss: 0.0715 - accuracy: 0.9755
  60/1875 [..............................] - ETA: 6s - loss: 0.0734 - accuracy: 0.9755
  74/1875 [>.............................] - ETA: 6s - loss: 0.0769 - accuracy: 0.9747
  89/1875 [>.............................] - ETA: 6s - loss: 0.0721 - accuracy: 0.9765
 104/1875 [>.............................] - ETA: 6s - loss: 0.0766 - accuracy: 0.9763
 119/1875 [>.............................] - ETA: 6s - loss: 0.0765 - accuracy: 0.9769
 134/1875 [=>............................] - ETA: 6s - loss: 0.0778 - accuracy: 0.9764
 149/1875 [=>............................] - ETA: 6s - loss: 0.0807 - accuracy: 0.9755
 164/1875 [=>............................] - ETA: 6s - loss: 0.0791 - accuracy: 0.9762
 179/1875 [=>............................] - ETA: 5s - loss: 0.0789 - accuracy: 0.9761
 194/1875 [==>...........................] - ETA: 5s - loss: 0.0790 - accuracy: 0.9763
 209/1875 [==>...........................] - ETA: 5s - loss: 0.0794 - accuracy: 0.9762
 223/1875 [==>...........................] - ETA: 5s - loss: 0.0834 - accuracy: 0.9752
 237/1875 [==>...........................] - ETA: 5s - loss: 0.0828 - accuracy: 0.9753
 251/1875 [===>..........................] - ETA: 5s - loss: 0.0839 - accuracy: 0.9749
 265/1875 [===>..........................] - ETA: 5s - loss: 0.0831 - accuracy: 0.9751
 280/1875 [===>..........................] - ETA: 5s - loss: 0.0834 - accuracy: 0.9752
 295/1875 [===>..........................] - ETA: 5s - loss: 0.0834 - accuracy: 0.9755
 309/1875 [===>..........................] - ETA: 5s - loss: 0.0844 - accuracy: 0.9752
 324/1875 [====>.........................] - ETA: 5s - loss: 0.0849 - accuracy: 0.9746
 339/1875 [====>.........................] - ETA: 5s - loss: 0.0842 - accuracy: 0.9747
 354/1875 [====>.........................] - ETA: 5s - loss: 0.0836 - accuracy: 0.9749
 367/1875 [====>.........................] - ETA: 5s - loss: 0.0831 - accuracy: 0.9751
 382/1875 [=====>........................] - ETA: 5s - loss: 0.0832 - accuracy: 0.9751
 396/1875 [=====>........................] - ETA: 5s - loss: 0.0846 - accuracy: 0.9748
 410/1875 [=====>........................] - ETA: 5s - loss: 0.0851 - accuracy: 0.9748
 424/1875 [=====>........................] - ETA: 5s - loss: 0.0839 - accuracy: 0.9752
 438/1875 [======>.......................] - ETA: 5s - loss: 0.0840 - accuracy: 0.9750
 452/1875 [======>.......................] - ETA: 5s - loss: 0.0842 - accuracy: 0.9747
 466/1875 [======>.......................] - ETA: 5s - loss: 0.0854 - accuracy: 0.9745
 480/1875 [======>.......................] - ETA: 4s - loss: 0.0845 - accuracy: 0.9747
 494/1875 [======>.......................] - ETA: 4s - loss: 0.0849 - accuracy: 0.9749
 508/1875 [=======>......................] - ETA: 4s - loss: 0.0840 - accuracy: 0.9752
 522/1875 [=======>......................] - ETA: 4s - loss: 0.0840 - accuracy: 0.9753
 536/1875 [=======>......................] - ETA: 4s - loss: 0.0840 - accuracy: 0.9752
 550/1875 [=======>......................] - ETA: 4s - loss: 0.0846 - accuracy: 0.9749
 563/1875 [========>.....................] - ETA: 4s - loss: 0.0847 - accuracy: 0.9747
 577/1875 [========>.....................] - ETA: 4s - loss: 0.0848 - accuracy: 0.9748
 591/1875 [========>.....................] - ETA: 4s - loss: 0.0841 - accuracy: 0.9748
 605/1875 [========>.....................] - ETA: 4s - loss: 0.0842 - accuracy: 0.9749
 619/1875 [========>.....................] - ETA: 4s - loss: 0.0842 - accuracy: 0.9750
 633/1875 [=========>....................] - ETA: 4s - loss: 0.0844 - accuracy: 0.9749
 647/1875 [=========>....................] - ETA: 4s - loss: 0.0848 - accuracy: 0.9746
 661/1875 [=========>....................] - ETA: 4s - loss: 0.0857 - accuracy: 0.9744
 675/1875 [=========>....................] - ETA: 4s - loss: 0.0854 - accuracy: 0.9744
 689/1875 [==========>...................] - ETA: 4s - loss: 0.0852 - accuracy: 0.9744
 703/1875 [==========>...................] - ETA: 4s - loss: 0.0854 - accuracy: 0.9742
 717/1875 [==========>...................] - ETA: 4s - loss: 0.0861 - accuracy: 0.9739
 731/1875 [==========>...................] - ETA: 4s - loss: 0.0855 - accuracy: 0.9741
 745/1875 [==========>...................] - ETA: 4s - loss: 0.0867 - accuracy: 0.9739
 759/1875 [===========>..................] - ETA: 4s - loss: 0.0869 - accuracy: 0.9739
 773/1875 [===========>..................] - ETA: 3s - loss: 0.0873 - accuracy: 0.9738
 787/1875 [===========>..................] - ETA: 3s - loss: 0.0882 - accuracy: 0.9737
 801/1875 [===========>..................] - ETA: 3s - loss: 0.0877 - accuracy: 0.9739
 816/1875 [============>.................] - ETA: 3s - loss: 0.0875 - accuracy: 0.9740
 831/1875 [============>.................] - ETA: 3s - loss: 0.0879 - accuracy: 0.9737
 846/1875 [============>.................] - ETA: 3s - loss: 0.0885 - accuracy: 0.9734
 861/1875 [============>.................] - ETA: 3s - loss: 0.0885 - accuracy: 0.9733
 876/1875 [=============>................] - ETA: 3s - loss: 0.0887 - accuracy: 0.9732
 891/1875 [=============>................] - ETA: 3s - loss: 0.0891 - accuracy: 0.9731
 905/1875 [=============>................] - ETA: 3s - loss: 0.0891 - accuracy: 0.9731
 920/1875 [=============>................] - ETA: 3s - loss: 0.0887 - accuracy: 0.9733
 935/1875 [=============>................] - ETA: 3s - loss: 0.0888 - accuracy: 0.9733
 949/1875 [==============>...............] - ETA: 3s - loss: 0.0887 - accuracy: 0.9734
 964/1875 [==============>...............] - ETA: 3s - loss: 0.0889 - accuracy: 0.9735
 979/1875 [==============>...............] - ETA: 3s - loss: 0.0894 - accuracy: 0.9733
 994/1875 [==============>...............] - ETA: 3s - loss: 0.0896 - accuracy: 0.9731
1009/1875 [===============>..............] - ETA: 3s - loss: 0.0894 - accuracy: 0.9732
1024/1875 [===============>..............] - ETA: 3s - loss: 0.0894 - accuracy: 0.9731
1038/1875 [===============>..............] - ETA: 3s - loss: 0.0898 - accuracy: 0.9730
1052/1875 [===============>..............] - ETA: 2s - loss: 0.0896 - accuracy: 0.9730
1066/1875 [================>.............] - ETA: 2s - loss: 0.0903 - accuracy: 0.9727
1081/1875 [================>.............] - ETA: 2s - loss: 0.0905 - accuracy: 0.9726
1095/1875 [================>.............] - ETA: 2s - loss: 0.0904 - accuracy: 0.9726
1109/1875 [================>.............] - ETA: 2s - loss: 0.0901 - accuracy: 0.9726
1123/1875 [================>.............] - ETA: 2s - loss: 0.0906 - accuracy: 0.9725
1137/1875 [=================>............] - ETA: 2s - loss: 0.0902 - accuracy: 0.9727
1151/1875 [=================>............] - ETA: 2s - loss: 0.0900 - accuracy: 0.9728
1165/1875 [=================>............] - ETA: 2s - loss: 0.0899 - accuracy: 0.9727
1179/1875 [=================>............] - ETA: 2s - loss: 0.0903 - accuracy: 0.9726
1194/1875 [==================>...........] - ETA: 2s - loss: 0.0902 - accuracy: 0.9726
1209/1875 [==================>...........] - ETA: 2s - loss: 0.0902 - accuracy: 0.9726
1223/1875 [==================>...........] - ETA: 2s - loss: 0.0900 - accuracy: 0.9726
1238/1875 [==================>...........] - ETA: 2s - loss: 0.0903 - accuracy: 0.9724
1253/1875 [===================>..........] - ETA: 2s - loss: 0.0905 - accuracy: 0.9723
1268/1875 [===================>..........] - ETA: 2s - loss: 0.0905 - accuracy: 0.9722
1282/1875 [===================>..........] - ETA: 2s - loss: 0.0907 - accuracy: 0.9722
1297/1875 [===================>..........] - ETA: 2s - loss: 0.0904 - accuracy: 0.9722
1311/1875 [===================>..........] - ETA: 2s - loss: 0.0902 - accuracy: 0.9723
1326/1875 [====================>.........] - ETA: 1s - loss: 0.0902 - accuracy: 0.9724
1340/1875 [====================>.........] - ETA: 1s - loss: 0.0906 - accuracy: 0.9723
1354/1875 [====================>.........] - ETA: 1s - loss: 0.0907 - accuracy: 0.9722
1369/1875 [====================>.........] - ETA: 1s - loss: 0.0910 - accuracy: 0.9721
1384/1875 [=====================>........] - ETA: 1s - loss: 0.0912 - accuracy: 0.9720
1399/1875 [=====================>........] - ETA: 1s - loss: 0.0912 - accuracy: 0.9719
1414/1875 [=====================>........] - ETA: 1s - loss: 0.0911 - accuracy: 0.9720
1428/1875 [=====================>........] - ETA: 1s - loss: 0.0910 - accuracy: 0.9720
1442/1875 [======================>.......] - ETA: 1s - loss: 0.0910 - accuracy: 0.9719
1457/1875 [======================>.......] - ETA: 1s - loss: 0.0910 - accuracy: 0.9720
1471/1875 [======================>.......] - ETA: 1s - loss: 0.0912 - accuracy: 0.9719
1485/1875 [======================>.......] - ETA: 1s - loss: 0.0916 - accuracy: 0.9717
1500/1875 [=======================>......] - ETA: 1s - loss: 0.0913 - accuracy: 0.9718
1514/1875 [=======================>......] - ETA: 1s - loss: 0.0912 - accuracy: 0.9718
1528/1875 [=======================>......] - ETA: 1s - loss: 0.0912 - accuracy: 0.9717
1543/1875 [=======================>......] - ETA: 1s - loss: 0.0911 - accuracy: 0.9717
1558/1875 [=======================>......] - ETA: 1s - loss: 0.0911 - accuracy: 0.9718
1573/1875 [========================>.....] - ETA: 1s - loss: 0.0911 - accuracy: 0.9717
1588/1875 [========================>.....] - ETA: 1s - loss: 0.0910 - accuracy: 0.9718
1603/1875 [========================>.....] - ETA: 0s - loss: 0.0909 - accuracy: 0.9718
1617/1875 [========================>.....] - ETA: 0s - loss: 0.0910 - accuracy: 0.9718
1632/1875 [=========================>....] - ETA: 0s - loss: 0.0911 - accuracy: 0.9717
1647/1875 [=========================>....] - ETA: 0s - loss: 0.0907 - accuracy: 0.9718
1662/1875 [=========================>....] - ETA: 0s - loss: 0.0906 - accuracy: 0.9718
1677/1875 [=========================>....] - ETA: 0s - loss: 0.0902 - accuracy: 0.9720
1692/1875 [==========================>...] - ETA: 0s - loss: 0.0899 - accuracy: 0.9721
1707/1875 [==========================>...] - ETA: 0s - loss: 0.0903 - accuracy: 0.9720
1722/1875 [==========================>...] - ETA: 0s - loss: 0.0900 - accuracy: 0.9721
1737/1875 [==========================>...] - ETA: 0s - loss: 0.0899 - accuracy: 0.9721
1751/1875 [===========================>..] - ETA: 0s - loss: 0.0899 - accuracy: 0.9721
1766/1875 [===========================>..] - ETA: 0s - loss: 0.0902 - accuracy: 0.9720
1781/1875 [===========================>..] - ETA: 0s - loss: 0.0904 - accuracy: 0.9720
1795/1875 [===========================>..] - ETA: 0s - loss: 0.0904 - accuracy: 0.9719
1810/1875 [===========================>..] - ETA: 0s - loss: 0.0906 - accuracy: 0.9719
1825/1875 [============================>.] - ETA: 0s - loss: 0.0905 - accuracy: 0.9719
1840/1875 [============================>.] - ETA: 0s - loss: 0.0905 - accuracy: 0.9719
1855/1875 [============================>.] - ETA: 0s - loss: 0.0906 - accuracy: 0.9719
1869/1875 [============================>.] - ETA: 0s - loss: 0.0906 - accuracy: 0.9719
1875/1875 [==============================] - 7s 4ms/step - loss: 0.0907 - accuracy: 0.9719
Epoch 5/5

   1/1875 [..............................] - ETA: 7s - loss: 0.0790 - accuracy: 0.9688
  15/1875 [..............................] - ETA: 6s - loss: 0.0868 - accuracy: 0.9729
  30/1875 [..............................] - ETA: 6s - loss: 0.0831 - accuracy: 0.9760
  43/1875 [..............................] - ETA: 6s - loss: 0.0832 - accuracy: 0.9746
  58/1875 [..............................] - ETA: 6s - loss: 0.0859 - accuracy: 0.9741
  73/1875 [>.............................] - ETA: 6s - loss: 0.0784 - accuracy: 0.9765
  88/1875 [>.............................] - ETA: 6s - loss: 0.0738 - accuracy: 0.9766
 103/1875 [>.............................] - ETA: 6s - loss: 0.0710 - accuracy: 0.9763
 119/1875 [>.............................] - ETA: 6s - loss: 0.0693 - accuracy: 0.9769
 134/1875 [=>............................] - ETA: 6s - loss: 0.0674 - accuracy: 0.9781
 149/1875 [=>............................] - ETA: 6s - loss: 0.0689 - accuracy: 0.9773
 164/1875 [=>............................] - ETA: 5s - loss: 0.0682 - accuracy: 0.9775
 179/1875 [=>............................] - ETA: 5s - loss: 0.0694 - accuracy: 0.9773
 194/1875 [==>...........................] - ETA: 5s - loss: 0.0717 - accuracy: 0.9768
 209/1875 [==>...........................] - ETA: 5s - loss: 0.0736 - accuracy: 0.9762
 224/1875 [==>...........................] - ETA: 5s - loss: 0.0743 - accuracy: 0.9760
 239/1875 [==>...........................] - ETA: 5s - loss: 0.0746 - accuracy: 0.9762
 254/1875 [===>..........................] - ETA: 5s - loss: 0.0746 - accuracy: 0.9760
 269/1875 [===>..........................] - ETA: 5s - loss: 0.0738 - accuracy: 0.9761
 284/1875 [===>..........................] - ETA: 5s - loss: 0.0773 - accuracy: 0.9749
 299/1875 [===>..........................] - ETA: 5s - loss: 0.0780 - accuracy: 0.9747
 314/1875 [====>.........................] - ETA: 5s - loss: 0.0793 - accuracy: 0.9746
 329/1875 [====>.........................] - ETA: 5s - loss: 0.0787 - accuracy: 0.9751
 344/1875 [====>.........................] - ETA: 5s - loss: 0.0786 - accuracy: 0.9751
 359/1875 [====>.........................] - ETA: 5s - loss: 0.0788 - accuracy: 0.9753
 375/1875 [=====>........................] - ETA: 5s - loss: 0.0788 - accuracy: 0.9753
 390/1875 [=====>........................] - ETA: 5s - loss: 0.0775 - accuracy: 0.9759
 405/1875 [=====>........................] - ETA: 5s - loss: 0.0769 - accuracy: 0.9759
 422/1875 [=====>........................] - ETA: 4s - loss: 0.0766 - accuracy: 0.9759
 437/1875 [=====>........................] - ETA: 4s - loss: 0.0781 - accuracy: 0.9755
 452/1875 [======>.......................] - ETA: 4s - loss: 0.0770 - accuracy: 0.9760
 467/1875 [======>.......................] - ETA: 4s - loss: 0.0768 - accuracy: 0.9761
 482/1875 [======>.......................] - ETA: 4s - loss: 0.0761 - accuracy: 0.9765
 497/1875 [======>.......................] - ETA: 4s - loss: 0.0762 - accuracy: 0.9765
 512/1875 [=======>......................] - ETA: 4s - loss: 0.0760 - accuracy: 0.9766
 525/1875 [=======>......................] - ETA: 4s - loss: 0.0762 - accuracy: 0.9765
 540/1875 [=======>......................] - ETA: 4s - loss: 0.0759 - accuracy: 0.9767
 555/1875 [=======>......................] - ETA: 4s - loss: 0.0758 - accuracy: 0.9765
 570/1875 [========>.....................] - ETA: 4s - loss: 0.0759 - accuracy: 0.9765
 585/1875 [========>.....................] - ETA: 4s - loss: 0.0753 - accuracy: 0.9768
 600/1875 [========>.....................] - ETA: 4s - loss: 0.0753 - accuracy: 0.9769
 615/1875 [========>.....................] - ETA: 4s - loss: 0.0752 - accuracy: 0.9768
 630/1875 [=========>....................] - ETA: 4s - loss: 0.0758 - accuracy: 0.9765
 645/1875 [=========>....................] - ETA: 4s - loss: 0.0764 - accuracy: 0.9765
 660/1875 [=========>....................] - ETA: 4s - loss: 0.0764 - accuracy: 0.9765
 675/1875 [=========>....................] - ETA: 4s - loss: 0.0763 - accuracy: 0.9766
 690/1875 [==========>...................] - ETA: 4s - loss: 0.0757 - accuracy: 0.9765
 705/1875 [==========>...................] - ETA: 4s - loss: 0.0759 - accuracy: 0.9765
 720/1875 [==========>...................] - ETA: 3s - loss: 0.0761 - accuracy: 0.9766
 735/1875 [==========>...................] - ETA: 3s - loss: 0.0761 - accuracy: 0.9767
 750/1875 [===========>..................] - ETA: 3s - loss: 0.0765 - accuracy: 0.9766
 765/1875 [===========>..................] - ETA: 3s - loss: 0.0769 - accuracy: 0.9765
 780/1875 [===========>..................] - ETA: 3s - loss: 0.0769 - accuracy: 0.9766
 795/1875 [===========>..................] - ETA: 3s - loss: 0.0762 - accuracy: 0.9768
 810/1875 [===========>..................] - ETA: 3s - loss: 0.0757 - accuracy: 0.9769
 825/1875 [============>.................] - ETA: 3s - loss: 0.0767 - accuracy: 0.9765
 839/1875 [============>.................] - ETA: 3s - loss: 0.0771 - accuracy: 0.9763
 852/1875 [============>.................] - ETA: 3s - loss: 0.0771 - accuracy: 0.9763
 866/1875 [============>.................] - ETA: 3s - loss: 0.0770 - accuracy: 0.9762
 880/1875 [=============>................] - ETA: 3s - loss: 0.0772 - accuracy: 0.9761
 894/1875 [=============>................] - ETA: 3s - loss: 0.0768 - accuracy: 0.9763
 908/1875 [=============>................] - ETA: 3s - loss: 0.0764 - accuracy: 0.9764
 923/1875 [=============>................] - ETA: 3s - loss: 0.0759 - accuracy: 0.9766
 938/1875 [==============>...............] - ETA: 3s - loss: 0.0762 - accuracy: 0.9766
 953/1875 [==============>...............] - ETA: 3s - loss: 0.0765 - accuracy: 0.9767
 968/1875 [==============>...............] - ETA: 3s - loss: 0.0761 - accuracy: 0.9768
 983/1875 [==============>...............] - ETA: 3s - loss: 0.0765 - accuracy: 0.9765
 997/1875 [==============>...............] - ETA: 3s - loss: 0.0771 - accuracy: 0.9764
1011/1875 [===============>..............] - ETA: 3s - loss: 0.0768 - accuracy: 0.9764
1025/1875 [===============>..............] - ETA: 2s - loss: 0.0767 - accuracy: 0.9763
1039/1875 [===============>..............] - ETA: 2s - loss: 0.0768 - accuracy: 0.9762
1054/1875 [===============>..............] - ETA: 2s - loss: 0.0769 - accuracy: 0.9762
1069/1875 [================>.............] - ETA: 2s - loss: 0.0775 - accuracy: 0.9760
1084/1875 [================>.............] - ETA: 2s - loss: 0.0777 - accuracy: 0.9761
1099/1875 [================>.............] - ETA: 2s - loss: 0.0780 - accuracy: 0.9759
1114/1875 [================>.............] - ETA: 2s - loss: 0.0777 - accuracy: 0.9761
1129/1875 [=================>............] - ETA: 2s - loss: 0.0776 - accuracy: 0.9761
1144/1875 [=================>............] - ETA: 2s - loss: 0.0772 - accuracy: 0.9762
1159/1875 [=================>............] - ETA: 2s - loss: 0.0768 - accuracy: 0.9764
1174/1875 [=================>............] - ETA: 2s - loss: 0.0770 - accuracy: 0.9762
1189/1875 [==================>...........] - ETA: 2s - loss: 0.0768 - accuracy: 0.9763
1204/1875 [==================>...........] - ETA: 2s - loss: 0.0765 - accuracy: 0.9764
1219/1875 [==================>...........] - ETA: 2s - loss: 0.0764 - accuracy: 0.9764
1234/1875 [==================>...........] - ETA: 2s - loss: 0.0764 - accuracy: 0.9764
1248/1875 [==================>...........] - ETA: 2s - loss: 0.0760 - accuracy: 0.9765
1262/1875 [===================>..........] - ETA: 2s - loss: 0.0757 - accuracy: 0.9766
1277/1875 [===================>..........] - ETA: 2s - loss: 0.0755 - accuracy: 0.9768
1292/1875 [===================>..........] - ETA: 2s - loss: 0.0754 - accuracy: 0.9767
1307/1875 [===================>..........] - ETA: 1s - loss: 0.0753 - accuracy: 0.9768
1321/1875 [====================>.........] - ETA: 1s - loss: 0.0761 - accuracy: 0.9765
1336/1875 [====================>.........] - ETA: 1s - loss: 0.0761 - accuracy: 0.9765
1351/1875 [====================>.........] - ETA: 1s - loss: 0.0761 - accuracy: 0.9765
1366/1875 [====================>.........] - ETA: 1s - loss: 0.0760 - accuracy: 0.9766
1381/1875 [=====================>........] - ETA: 1s - loss: 0.0760 - accuracy: 0.9766
1395/1875 [=====================>........] - ETA: 1s - loss: 0.0761 - accuracy: 0.9765
1410/1875 [=====================>........] - ETA: 1s - loss: 0.0760 - accuracy: 0.9766
1425/1875 [=====================>........] - ETA: 1s - loss: 0.0758 - accuracy: 0.9767
1440/1875 [======================>.......] - ETA: 1s - loss: 0.0757 - accuracy: 0.9768
1455/1875 [======================>.......] - ETA: 1s - loss: 0.0755 - accuracy: 0.9768
1470/1875 [======================>.......] - ETA: 1s - loss: 0.0755 - accuracy: 0.9768
1485/1875 [======================>.......] - ETA: 1s - loss: 0.0755 - accuracy: 0.9768
1500/1875 [=======================>......] - ETA: 1s - loss: 0.0754 - accuracy: 0.9768
1515/1875 [=======================>......] - ETA: 1s - loss: 0.0755 - accuracy: 0.9767
1530/1875 [=======================>......] - ETA: 1s - loss: 0.0757 - accuracy: 0.9767
1545/1875 [=======================>......] - ETA: 1s - loss: 0.0757 - accuracy: 0.9767
1560/1875 [=======================>......] - ETA: 1s - loss: 0.0756 - accuracy: 0.9767
1575/1875 [========================>.....] - ETA: 1s - loss: 0.0755 - accuracy: 0.9768
1590/1875 [========================>.....] - ETA: 0s - loss: 0.0752 - accuracy: 0.9769
1604/1875 [========================>.....] - ETA: 0s - loss: 0.0750 - accuracy: 0.9770
1617/1875 [========================>.....] - ETA: 0s - loss: 0.0750 - accuracy: 0.9770
1630/1875 [=========================>....] - ETA: 0s - loss: 0.0753 - accuracy: 0.9769
1645/1875 [=========================>....] - ETA: 0s - loss: 0.0752 - accuracy: 0.9770
1660/1875 [=========================>....] - ETA: 0s - loss: 0.0749 - accuracy: 0.9771
1675/1875 [=========================>....] - ETA: 0s - loss: 0.0749 - accuracy: 0.9770
1690/1875 [==========================>...] - ETA: 0s - loss: 0.0748 - accuracy: 0.9771
1705/1875 [==========================>...] - ETA: 0s - loss: 0.0752 - accuracy: 0.9770
1720/1875 [==========================>...] - ETA: 0s - loss: 0.0749 - accuracy: 0.9771
1733/1875 [==========================>...] - ETA: 0s - loss: 0.0749 - accuracy: 0.9770
1747/1875 [==========================>...] - ETA: 0s - loss: 0.0748 - accuracy: 0.9770
1761/1875 [===========================>..] - ETA: 0s - loss: 0.0746 - accuracy: 0.9770
1776/1875 [===========================>..] - ETA: 0s - loss: 0.0746 - accuracy: 0.9770
1791/1875 [===========================>..] - ETA: 0s - loss: 0.0745 - accuracy: 0.9770
1807/1875 [===========================>..] - ETA: 0s - loss: 0.0746 - accuracy: 0.9771
1826/1875 [============================>.] - ETA: 0s - loss: 0.0748 - accuracy: 0.9769
1845/1875 [============================>.] - ETA: 0s - loss: 0.0745 - accuracy: 0.9770
1862/1875 [============================>.] - ETA: 0s - loss: 0.0745 - accuracy: 0.9770
1875/1875 [==============================] - 7s 3ms/step - loss: 0.0747 - accuracy: 0.9769
[EXECUTION] [14:07:00] Performed tensorflow.keras.models.Sequential.fit() on input and will now save 
energy data on line 21.
inside_arg_size
++++++4++++++
++++++5++++++
5-size 376320160.0
++++++5++++++
5-size 60128.0
4-size 376380288.0
++++++5++++++
5-size 376320160.0
++++++5++++++
5-size 60128.0
outside_arg_size
inside_kwarg_size
++++++4++++++
++++++5++++++
5-size 56.0
4-size 56.0
++++++5++++++
5-size 56.0
outside_kwarg_size
inside_object_size
++++++5++++++
++++++6++++++ this __dict__ descriptor does not support '_DictWrapper' objects
6-size 48.0
outside_object_size
Sizes collected: 
376380288.0
56.0
48.0
[EXECUTION] [14:07:00] Result: {'tensorflow.keras.models.Sequential.fit()': {'settings': {'max_wait_s': 
120, 'wait_after_run_s': 30
[EXECUTION] [14:07:00] Data written to file 
/home/saurabh/method-energy-dataset/data/energy-dataset/method-level/beginner/experiment-1.json
313/313 - 1s - loss: 0.0750 - accuracy: 0.9764 - 726ms/epoch - 2ms/step
[EXECUTION] [14:07:01] Performed tensorflow.keras.models.Sequential.evaluate() on input and will now save 
energy data on line 22.
inside_arg_size
++++++4++++++
++++++5++++++
5-size 62720160.0
++++++5++++++
5-size 10128.0
4-size 62730288.0
++++++5++++++
5-size 62720160.0
++++++5++++++
5-size 10128.0
outside_arg_size
inside_kwarg_size
++++++4++++++
++++++5++++++
5-size 56.0
4-size 56.0
++++++5++++++
5-size 56.0
outside_kwarg_size
inside_object_size
++++++5++++++
++++++6++++++ this __dict__ descriptor does not support '_DictWrapper' objects
6-size 48.0
outside_object_size
Sizes collected: 
62730288.0
56.0
48.0
[EXECUTION] [14:07:01] Result: {'tensorflow.keras.models.Sequential.evaluate()': {'settings': 
{'max_wait_s': 120, 'wait_after_run_s
[EXECUTION] [14:07:01] Data written to file 
/home/saurabh/method-energy-dataset/data/energy-dataset/method-level/beginner/experiment-1.json
[EXECUTION] [14:07:01] Performed tensorflow.keras.Sequential() on input and will now save energy data on 
line 23.
inside_arg_size
++++++4++++++
++++++4++++++
++++++5++++++
++++++6++++++ this __dict__ descriptor does not support '_DictWrapper' objects
6-size 48.0
++++++5++++++
5-size 7472.0
4-size 7520.0
++++++5++++++
++++++6++++++ this __dict__ descriptor does not support '_DictWrapper' objects
6-size 48.0
++++++5++++++
5-size 7472.0
4-size 7520.0
++++++4++++++
++++++5++++++
++++++6++++++ this __dict__ descriptor does not support '_DictWrapper' objects
6-size 48.0
++++++5++++++
5-size 7472.0
4-size 7520.0
++++++5++++++
++++++6++++++ this __dict__ descriptor does not support '_DictWrapper' objects
6-size 48.0
++++++5++++++
5-size 7472.0
outside_arg_size
inside_kwarg_size
outside_kwarg_size
inside_object_size
outside_object_size
Sizes collected: 
7520.0
0
0
[EXECUTION] [14:07:01] Result: {'tensorflow.keras.Sequential()': {'settings': {'max_wait_s': 120, 
'wait_after_run_s': 30, 'wait_per
[EXECUTION] [14:07:01] Data written to file 
/home/saurabh/method-energy-dataset/data/energy-dataset/method-level/beginner/experiment-1.json
[EXECUTION] [14:07:01] Performed tensorflow.keras.Sequential() on input and will now save energy data on 
line 27.
inside_arg_size
++++++4++++++
++++++5++++++
5-size 62720304.0
4-size 62720304.0
++++++5++++++
5-size 62720304.0
outside_arg_size
inside_kwarg_size
outside_kwarg_size
inside_object_size
++++++5++++++
++++++6++++++ this __dict__ descriptor does not support '_DictWrapper' objects
6-size 48.0
outside_object_size
Sizes collected: 
62720304.0
0
48.0
[EXECUTION] [14:07:01] Result: {'tensorflow.keras.Sequential()': {'settings': {'max_wait_s': 120, 
'wait_after_run_s': 30, 'wait_per
[EXECUTION] [14:07:01] Data written to file 
/home/saurabh/method-energy-dataset/data/energy-dataset/method-level/beginner/experiment-1.json
beginner.ipynb completed successfully.
