(base) saurabh@falcon:~/method-energy-dataset$ python 01_clone_project.py 
Cloning into 'projects/georgesung_ssd_tensorflow_traffic_sign_detection'...
remote: Enumerating objects: 61, done.
remote: Counting objects: 100% (6/6), done.
remote: Compressing objects: 100% (6/6), done.
remote: Total 61 (delta 2), reused 1 (delta 0), pack-reused 55
Receiving objects: 100% (61/61), 8.07 MiB | 12.87 MiB/s, done.
Resolving deltas: 100% (15/15), done.
Cloned: georgesung_ssd_tensorflow_traffic_sign_detection
mkdir: cannot create directory ‘dataset/georgesung_ssd_tensorflow_traffic_sign_detection’: File exists
Cloning into 'projects/drsleep_tensorflow-deeplab-lfov'...
remote: Enumerating objects: 110, done.
remote: Counting objects: 100% (3/3), done.
remote: Compressing objects: 100% (3/3), done.
remote: Total 110 (delta 0), reused 3 (delta 0), pack-reused 107
Receiving objects: 100% (110/110), 766.56 KiB | 7.37 MiB/s, done.
Resolving deltas: 100% (46/46), done.
Cloned: drsleep_tensorflow-deeplab-lfov
mkdir: cannot create directory ‘dataset/drsleep_tensorflow-deeplab-lfov’: File exists
Cloning into 'projects/kentsommer_tensorflow-posenet'...
remote: Enumerating objects: 54, done.
remote: Counting objects: 100% (9/9), done.
remote: Compressing objects: 100% (6/6), done.
remote: Total 54 (delta 4), reused 3 (delta 3), pack-reused 45
Receiving objects: 100% (54/54), 70.38 KiB | 1.95 MiB/s, done.
Resolving deltas: 100% (10/10), done.
Cloned: kentsommer_tensorflow-posenet
mkdir: cannot create directory ‘dataset/kentsommer_tensorflow-posenet’: File exists
Cloning into 'projects/zhangqianhui_progressive_growing_of_gans_tensorflow'...
remote: Enumerating objects: 187, done.
remote: Counting objects: 100% (3/3), done.
remote: Compressing objects: 100% (3/3), done.
remote: Total 187 (delta 0), reused 0 (delta 0), pack-reused 184
Receiving objects: 100% (187/187), 7.92 MiB | 20.48 MiB/s, done.
Resolving deltas: 100% (96/96), done.
Cloned: zhangqianhui_progressive_growing_of_gans_tensorflow
mkdir: cannot create directory ‘dataset/zhangqianhui_progressive_growing_of_gans_tensorflow’: File exists
Cloning into 'projects/yzhou359_visemenet_tensorflow'...
remote: Enumerating objects: 74, done.
remote: Counting objects: 100% (4/4), done.
remote: Compressing objects: 100% (4/4), done.
remote: Total 74 (delta 0), reused 1 (delta 0), pack-reused 70
Receiving objects: 100% (74/74), 2.38 MiB | 13.79 MiB/s, done.
Resolving deltas: 100% (19/19), done.
Cloned: yzhou359_visemenet_tensorflow
mkdir: cannot create directory ‘dataset/yzhou359_visemenet_tensorflow’: File exists
Cloning into 'projects/drsleep_tensorflow-deeplab-resnet'...
remote: Enumerating objects: 466, done.
remote: Counting objects: 100% (3/3), done.
remote: Compressing objects: 100% (3/3), done.
remote: Total 466 (delta 0), reused 1 (delta 0), pack-reused 463
Receiving objects: 100% (466/466), 1.98 MiB | 11.88 MiB/s, done.
Resolving deltas: 100% (273/273), done.
Cloned: drsleep_tensorflow-deeplab-resnet
mkdir: cannot create directory ‘dataset/drsleep_tensorflow-deeplab-resnet’: File exists
Cloning into 'projects/carlthome_tensorflow-convlstm-cell'...
remote: Enumerating objects: 227, done.
remote: Counting objects: 100% (42/42), done.
remote: Compressing objects: 100% (33/33), done.
remote: Total 227 (delta 14), reused 0 (delta 0), pack-reused 185
Receiving objects: 100% (227/227), 49.64 KiB | 2.76 MiB/s, done.
Resolving deltas: 100% (117/117), done.
Cloned: carlthome_tensorflow-convlstm-cell
mkdir: cannot create directory ‘dataset/carlthome_tensorflow-convlstm-cell’: File exists
Cloning into 'projects/pannous_tensorflow-speech-recognition'...
remote: Enumerating objects: 859, done.
remote: Counting objects: 100% (4/4), done.
remote: Compressing objects: 100% (3/3), done.
remote: Total 859 (delta 0), reused 0 (delta 0), pack-reused 855
Receiving objects: 100% (859/859), 31.86 MiB | 13.35 MiB/s, done.
Resolving deltas: 100% (483/483), done.
Cloned: pannous_tensorflow-speech-recognition
mkdir: cannot create directory ‘dataset/pannous_tensorflow-speech-recognition’: File exists
Cloning into 'projects/pudae_tensorflow-densenet'...
remote: Enumerating objects: 67, done.
remote: Counting objects: 100% (3/3), done.
remote: Compressing objects: 100% (3/3), done.
remote: Total 67 (delta 0), reused 0 (delta 0), pack-reused 64
Receiving objects: 100% (67/67), 46.60 KiB | 2.22 MiB/s, done.
Resolving deltas: 100% (26/26), done.
Cloned: pudae_tensorflow-densenet
mkdir: cannot create directory ‘dataset/pudae_tensorflow-densenet’: File exists
Cloning into 'projects/tobegit3hub_tensorflow_template_application'...
remote: Enumerating objects: 9474, done.
remote: Counting objects: 100% (19/19), done.
remote: Compressing objects: 100% (19/19), done.
remote: Total 9474 (delta 7), reused 2 (delta 0), pack-reused 9455
Receiving objects: 100% (9474/9474), 45.85 MiB | 2.48 MiB/s, done.
Resolving deltas: 100% (4033/4033), done.
Cloned: tobegit3hub_tensorflow_template_application
mkdir: cannot create directory ‘dataset/tobegit3hub_tensorflow_template_application’: File exists
Cloning into 'projects/dgurkaynak_tensorflow-cnn-finetune'...
remote: Enumerating objects: 253, done.
remote: Counting objects: 100% (29/29), done.
remote: Compressing objects: 100% (15/15), done.
remote: Total 253 (delta 15), reused 26 (delta 14), pack-reused 224
Receiving objects: 100% (253/253), 6.55 MiB | 9.57 MiB/s, done.
Resolving deltas: 100% (140/140), done.
Cloned: dgurkaynak_tensorflow-cnn-finetune
mkdir: cannot create directory ‘dataset/dgurkaynak_tensorflow-cnn-finetune’: File exists
Cloning into 'projects/dbeker_faster-rcnn-tensorflow-python3'...
remote: Enumerating objects: 280, done.
remote: Counting objects: 100% (4/4), done.
remote: Compressing objects: 100% (4/4), done.
remote: Total 280 (delta 0), reused 2 (delta 0), pack-reused 276
Receiving objects: 100% (280/280), 3.40 MiB | 13.22 MiB/s, done.
Resolving deltas: 100% (75/75), done.
Cloned: dbeker_faster-rcnn-tensorflow-python3
mkdir: cannot create directory ‘dataset/dbeker_faster-rcnn-tensorflow-python3’: File exists
Cloning into 'projects/yenchenlin_pix2pix-tensorflow'...
remote: Enumerating objects: 550, done.
remote: Total 550 (delta 0), reused 0 (delta 0), pack-reused 550
Receiving objects: 100% (550/550), 21.33 MiB | 19.95 MiB/s, done.
Resolving deltas: 100% (75/75), done.
Cloned: yenchenlin_pix2pix-tensorflow
mkdir: cannot create directory ‘dataset/yenchenlin_pix2pix-tensorflow’: File exists
Cloning into 'projects/detectionteamucas_r2cnn-plus-plus_tensorflow'...
remote: Enumerating objects: 138, done.
remote: Counting objects: 100% (5/5), done.
remote: Compressing objects: 100% (5/5), done.
remote: Total 138 (delta 0), reused 0 (delta 0), pack-reused 133
Receiving objects: 100% (138/138), 4.37 MiB | 14.24 MiB/s, done.
Resolving deltas: 100% (37/37), done.
Cloned: detectionteamucas_r2cnn-plus-plus_tensorflow
mkdir: cannot create directory ‘dataset/detectionteamucas_r2cnn-plus-plus_tensorflow’: File exists
Cloning into 'projects/kwotsin_tensorflow-enet'...
remote: Enumerating objects: 1554, done.
remote: Total 1554 (delta 0), reused 0 (delta 0), pack-reused 1554
Receiving objects: 100% (1554/1554), 232.06 MiB | 15.48 MiB/s, done.
Resolving deltas: 100% (49/49), done.
Cloned: kwotsin_tensorflow-enet
mkdir: cannot create directory ‘dataset/kwotsin_tensorflow-enet’: File exists
Cloning into 'projects/kwotsin_tensorflow-xception'...
remote: Enumerating objects: 90, done.
remote: Total 90 (delta 0), reused 0 (delta 0), pack-reused 90
Receiving objects: 100% (90/90), 218.11 MiB | 16.88 MiB/s, done.
Resolving deltas: 100% (45/45), done.
Cloned: kwotsin_tensorflow-xception
mkdir: cannot create directory ‘dataset/kwotsin_tensorflow-xception’: File exists
Cloning into 'projects/getnamo_tensorflow-ue4-examples'...
remote: Enumerating objects: 2200, done.
remote: Counting objects: 100% (3/3), done.
remote: Compressing objects: 100% (3/3), done.
remote: Total 2200 (delta 0), reused 0 (delta 0), pack-reused 2197
Receiving objects: 100% (2200/2200), 8.38 MiB | 18.78 MiB/s, done.
Resolving deltas: 100% (847/847), done.
Cloned: getnamo_tensorflow-ue4-examples
mkdir: cannot create directory ‘dataset/getnamo_tensorflow-ue4-examples’: File exists
Cloning into 'projects/stick-to_centernet-tensorflow'...
remote: Enumerating objects: 92, done.
remote: Counting objects: 100% (3/3), done.
remote: Compressing objects: 100% (3/3), done.
remote: Total 92 (delta 0), reused 0 (delta 0), pack-reused 89
Receiving objects: 100% (92/92), 683.02 KiB | 7.11 MiB/s, done.
Resolving deltas: 100% (48/48), done.
Cloned: stick-to_centernet-tensorflow
mkdir: cannot create directory ‘dataset/stick-to_centernet-tensorflow’: File exists
Cloning into 'projects/vladkryvoruchko_pspnet-keras-tensorflow'...
remote: Enumerating objects: 623, done.
remote: Total 623 (delta 0), reused 0 (delta 0), pack-reused 623
Receiving objects: 100% (623/623), 7.19 MiB | 21.48 MiB/s, done.
Resolving deltas: 100% (198/198), done.
Cloned: vladkryvoruchko_pspnet-keras-tensorflow
mkdir: cannot create directory ‘dataset/vladkryvoruchko_pspnet-keras-tensorflow’: File exists
Cloning into 'projects/saafke_edsr_tensorflow'...
remote: Enumerating objects: 149, done.
remote: Counting objects: 100% (6/6), done.
remote: Compressing objects: 100% (6/6), done.
remote: Total 149 (delta 1), reused 0 (delta 0), pack-reused 143
Receiving objects: 100% (149/149), 162.50 MiB | 17.45 MiB/s, done.
Resolving deltas: 100% (77/77), done.
Cloned: saafke_edsr_tensorflow
mkdir: cannot create directory ‘dataset/saafke_edsr_tensorflow’: File exists
Cloning into 'projects/daviddao_spatial-transformer-tensorflow'...
remote: Enumerating objects: 43, done.
remote: Total 43 (delta 0), reused 0 (delta 0), pack-reused 43
Receiving objects: 100% (43/43), 4.39 MiB | 19.96 MiB/s, done.
Resolving deltas: 100% (17/17), done.
Cloned: daviddao_spatial-transformer-tensorflow
mkdir: cannot create directory ‘dataset/daviddao_spatial-transformer-tensorflow’: File exists
Cloning into 'projects/vanhuyz_cyclegan-tensorflow'...
remote: Enumerating objects: 571, done.
remote: Counting objects: 100% (4/4), done.
remote: Compressing objects: 100% (4/4), done.
remote: Total 571 (delta 0), reused 2 (delta 0), pack-reused 567
Receiving objects: 100% (571/571), 4.17 MiB | 11.68 MiB/s, done.
Resolving deltas: 100% (346/346), done.
Cloned: vanhuyz_cyclegan-tensorflow
mkdir: cannot create directory ‘dataset/vanhuyz_cyclegan-tensorflow’: File exists
Cloning into 'projects/edjeelectronics_tensorflow-object-detection-on-the-raspberry-pi'...
remote: Enumerating objects: 191, done.
remote: Counting objects: 100% (3/3), done.
remote: Compressing objects: 100% (3/3), done.
remote: Total 191 (delta 0), reused 1 (delta 0), pack-reused 188
Receiving objects: 100% (191/191), 6.26 MiB | 14.21 MiB/s, done.
Resolving deltas: 100% (74/74), done.
Cloned: edjeelectronics_tensorflow-object-detection-on-the-raspberry-pi
mkdir: cannot create directory ‘dataset/edjeelectronics_tensorflow-object-detection-on-the-raspberry-pi’: File exists
Cloning into 'projects/stick-to_object-detection-api-tensorflow'...
remote: Enumerating objects: 240, done.
remote: Counting objects: 100% (46/46), done.
remote: Compressing objects: 100% (23/23), done.
remote: Total 240 (delta 24), reused 44 (delta 23), pack-reused 194
Receiving objects: 100% (240/240), 177.77 KiB | 2.78 MiB/s, done.
Resolving deltas: 100% (161/161), done.
Cloned: stick-to_object-detection-api-tensorflow
mkdir: cannot create directory ‘dataset/stick-to_object-detection-api-tensorflow’: File exists
Cloning into 'projects/zhengyang-wang_deeplab-v2--resnet-101--tensorflow'...
remote: Enumerating objects: 133, done.
remote: Total 133 (delta 0), reused 0 (delta 0), pack-reused 133
Receiving objects: 100% (133/133), 517.00 KiB | 5.62 MiB/s, done.
Resolving deltas: 100% (63/63), done.
Cloned: zhengyang-wang_deeplab-v2--resnet-101--tensorflow
mkdir: cannot create directory ‘dataset/zhengyang-wang_deeplab-v2--resnet-101--tensorflow’: File exists
Cloning into 'projects/tobegit3hub_tensorflow_examples'...
remote: Enumerating objects: 212, done.
remote: Counting objects: 100% (3/3), done.
remote: Compressing objects: 100% (3/3), done.
remote: Total 212 (delta 0), reused 3 (delta 0), pack-reused 209
Receiving objects: 100% (212/212), 454.77 KiB | 5.17 MiB/s, done.
Resolving deltas: 100% (94/94), done.
Cloned: tobegit3hub_tensorflow_examples
mkdir: cannot create directory ‘dataset/tobegit3hub_tensorflow_examples’: File exists
Cloning into 'projects/xggiou_centernet_tensorflow_wilderface_voc'...
remote: Enumerating objects: 335, done.
remote: Total 335 (delta 0), reused 0 (delta 0), pack-reused 335
Receiving objects: 100% (335/335), 5.43 MiB | 15.93 MiB/s, done.
Resolving deltas: 100% (159/159), done.
Cloned: xggiou_centernet_tensorflow_wilderface_voc
mkdir: cannot create directory ‘dataset/xggiou_centernet_tensorflow_wilderface_voc’: File exists
Cloning into 'projects/taki0112_stylegan-tensorflow'...
remote: Enumerating objects: 193, done.
remote: Counting objects: 100% (3/3), done.
remote: Compressing objects: 100% (3/3), done.
remote: Total 193 (delta 0), reused 0 (delta 0), pack-reused 190
Receiving objects: 100% (193/193), 20.83 MiB | 20.71 MiB/s, done.
Resolving deltas: 100% (106/106), done.
Cloned: taki0112_stylegan-tensorflow
mkdir: cannot create directory ‘dataset/taki0112_stylegan-tensorflow’: File exists
Cloning into 'projects/googlecloudplatform_tensorflow-object-detection-example'...
remote: Enumerating objects: 83, done.
remote: Counting objects: 100% (30/30), done.
remote: Compressing objects: 100% (17/17), done.
remote: Total 83 (delta 14), reused 24 (delta 13), pack-reused 53
Receiving objects: 100% (83/83), 244.83 KiB | 3.22 MiB/s, done.
Resolving deltas: 100% (34/34), done.
Cloned: googlecloudplatform_tensorflow-object-detection-example
mkdir: cannot create directory ‘dataset/googlecloudplatform_tensorflow-object-detection-example’: File exists
Cloning into 'projects/himanshurawlani_keras-and-tensorflow-serving'...
remote: Enumerating objects: 30, done.
remote: Total 30 (delta 0), reused 0 (delta 0), pack-reused 30
Receiving objects: 100% (30/30), 86.48 MiB | 10.22 MiB/s, done.
Resolving deltas: 100% (2/2), done.
Cloned: himanshurawlani_keras-and-tensorflow-serving
mkdir: cannot create directory ‘dataset/himanshurawlani_keras-and-tensorflow-serving’: File exists
Cloning into 'projects/drewnf_tensorflow_object_tracking_video'...
remote: Enumerating objects: 289, done.
remote: Total 289 (delta 0), reused 0 (delta 0), pack-reused 289
Receiving objects: 100% (289/289), 124.29 MiB | 10.83 MiB/s, done.
Resolving deltas: 100% (116/116), done.
Cloned: drewnf_tensorflow_object_tracking_video
mkdir: cannot create directory ‘dataset/drewnf_tensorflow_object_tracking_video’: File exists
Cloning into 'projects/bilylee_siamfc-tensorflow'...
remote: Enumerating objects: 68, done.
remote: Total 68 (delta 0), reused 0 (delta 0), pack-reused 68
Receiving objects: 100% (68/68), 2.93 MiB | 16.58 MiB/s, done.
Resolving deltas: 100% (14/14), done.
Cloned: bilylee_siamfc-tensorflow
mkdir: cannot create directory ‘dataset/bilylee_siamfc-tensorflow’: File exists
Cloning into 'projects/taki0112_tensorflow-cookbook'...
remote: Enumerating objects: 346, done.
remote: Total 346 (delta 0), reused 0 (delta 0), pack-reused 346
Receiving objects: 100% (346/346), 3.04 MiB | 13.25 MiB/s, done.
Resolving deltas: 100% (203/203), done.
Cloned: taki0112_tensorflow-cookbook
mkdir: cannot create directory ‘dataset/taki0112_tensorflow-cookbook’: File exists
Cloning into 'projects/vahidk_tensorflowframework'...
remote: Enumerating objects: 253, done.
remote: Total 253 (delta 0), reused 0 (delta 0), pack-reused 253
Receiving objects: 100% (253/253), 93.82 KiB | 2.29 MiB/s, done.
Resolving deltas: 100% (114/114), done.
Cloned: vahidk_tensorflowframework
mkdir: cannot create directory ‘dataset/vahidk_tensorflowframework’: File exists
Cloning into 'projects/cagbal_ros_people_object_detection_tensorflow'...
remote: Enumerating objects: 1137, done.
remote: Counting objects: 100% (263/263), done.
remote: Compressing objects: 100% (88/88), done.
remote: Total 1137 (delta 220), reused 175 (delta 175), pack-reused 874
Receiving objects: 100% (1137/1137), 173.43 MiB | 11.71 MiB/s, done.
Resolving deltas: 100% (598/598), done.
Updating files: 100% (408/408), done.
Cloned: cagbal_ros_people_object_detection_tensorflow
mkdir: cannot create directory ‘dataset/cagbal_ros_people_object_detection_tensorflow’: File exists
Cloning into 'projects/philipperemy_tensorflow-class-activation-mapping'...
remote: Enumerating objects: 128, done.
remote: Counting objects: 100% (29/29), done.
remote: Compressing objects: 100% (11/11), done.
remote: Total 128 (delta 23), reused 22 (delta 16), pack-reused 99
Receiving objects: 100% (128/128), 55.26 MiB | 2.29 MiB/s, done.
Resolving deltas: 100% (54/54), done.
Cloned: philipperemy_tensorflow-class-activation-mapping
mkdir: cannot create directory ‘dataset/philipperemy_tensorflow-class-activation-mapping’: File exists
Cloning into 'projects/tensorflow_skflow'...
remote: Enumerating objects: 2937, done.
remote: Counting objects: 100% (2/2), done.
remote: Compressing objects: 100% (2/2), done.
remote: Total 2937 (delta 0), reused 0 (delta 0), pack-reused 2935
Receiving objects: 100% (2937/2937), 779.17 KiB | 7.71 MiB/s, done.
Resolving deltas: 100% (2011/2011), done.
Cloned: tensorflow_skflow
mkdir: cannot create directory ‘dataset/tensorflow_skflow’: File exists
Cloning into 'projects/marload_deeprl-tensorflow2'...
remote: Enumerating objects: 418, done.
remote: Counting objects: 100% (8/8), done.
remote: Compressing objects: 100% (4/4), done.
remote: Total 418 (delta 5), reused 4 (delta 4), pack-reused 410
Receiving objects: 100% (418/418), 588.03 KiB | 6.25 MiB/s, done.
Resolving deltas: 100% (211/211), done.
Cloned: marload_deeprl-tensorflow2
mkdir: cannot create directory ‘dataset/marload_deeprl-tensorflow2’: File exists
Cloning into 'projects/zhengyang-wang_3d-unet--tensorflow'...
remote: Enumerating objects: 115, done.
remote: Total 115 (delta 0), reused 0 (delta 0), pack-reused 115
Receiving objects: 100% (115/115), 351.38 KiB | 4.88 MiB/s, done.
Resolving deltas: 100% (54/54), done.
Cloned: zhengyang-wang_3d-unet--tensorflow
mkdir: cannot create directory ‘dataset/zhengyang-wang_3d-unet--tensorflow’: File exists
Cloning into 'projects/morvanzhou_tensorflow2-tutorial'...
remote: Enumerating objects: 36, done.
remote: Total 36 (delta 0), reused 0 (delta 0), pack-reused 36
Receiving objects: 100% (36/36), 11.54 KiB | 11.54 MiB/s, done.
Resolving deltas: 100% (14/14), done.
Cloned: morvanzhou_tensorflow2-tutorial
mkdir: cannot create directory ‘dataset/morvanzhou_tensorflow2-tutorial’: File exists
Cloning into 'projects/taki0112_tensorflow2-cookbook'...
remote: Enumerating objects: 111, done.
remote: Counting objects: 100% (111/111), done.
remote: Compressing objects: 100% (75/75), done.
remote: Total 111 (delta 59), reused 76 (delta 36), pack-reused 0
Receiving objects: 100% (111/111), 2.75 MiB | 16.45 MiB/s, done.
Resolving deltas: 100% (59/59), done.
Cloned: taki0112_tensorflow2-cookbook
mkdir: cannot create directory ‘dataset/taki0112_tensorflow2-cookbook’: File exists
Cloning into 'projects/xiao9616_yolo4_tensorflow2'...
remote: Enumerating objects: 251, done.
remote: Counting objects: 100% (251/251), done.
remote: Compressing objects: 100% (176/176), done.
remote: Total 251 (delta 99), reused 206 (delta 60), pack-reused 0
Receiving objects: 100% (251/251), 5.70 MiB | 2.39 MiB/s, done.
Resolving deltas: 100% (99/99), done.
Cloned: xiao9616_yolo4_tensorflow2
mkdir: cannot create directory ‘dataset/xiao9616_yolo4_tensorflow2’: File exists
Cloning into 'projects/yeyupiaoling_voiceprintrecognition-tensorflow'...
remote: Enumerating objects: 251, done.
remote: Counting objects: 100% (3/3), done.
remote: Compressing objects: 100% (3/3), done.
remote: Total 251 (delta 0), reused 0 (delta 0), pack-reused 248
Receiving objects: 100% (251/251), 954.92 KiB | 7.34 MiB/s, done.
Resolving deltas: 100% (141/141), done.
Cloned: yeyupiaoling_voiceprintrecognition-tensorflow
mkdir: cannot create directory ‘dataset/yeyupiaoling_voiceprintrecognition-tensorflow’: File exists
Cloning into 'projects/googlecloudplatform_tensorflow-recommendation-wals'...
remote: Enumerating objects: 211, done.
remote: Total 211 (delta 0), reused 0 (delta 0), pack-reused 211
Receiving objects: 100% (211/211), 4.43 MiB | 14.06 MiB/s, done.
Resolving deltas: 100% (116/116), done.
Cloned: googlecloudplatform_tensorflow-recommendation-wals
mkdir: cannot create directory ‘dataset/googlecloudplatform_tensorflow-recommendation-wals’: File exists
Cloning into 'projects/taki0112_stargan_v2-tensorflow'...
remote: Enumerating objects: 78, done.
remote: Counting objects: 100% (78/78), done.
remote: Compressing objects: 100% (74/74), done.
remote: Total 78 (delta 35), reused 31 (delta 4), pack-reused 0
Receiving objects: 100% (78/78), 24.50 MiB | 21.91 MiB/s, done.
Resolving deltas: 100% (35/35), done.
Cloned: taki0112_stargan_v2-tensorflow
mkdir: cannot create directory ‘dataset/taki0112_stargan_v2-tensorflow’: File exists
Cloning into 'projects/manicman1999_stylegan2-tensorflow-2.0'...
remote: Enumerating objects: 65, done.
remote: Counting objects: 100% (25/25), done.
remote: Compressing objects: 100% (5/5), done.
remote: Total 65 (delta 21), reused 20 (delta 20), pack-reused 40
Receiving objects: 100% (65/65), 30.78 MiB | 5.62 MiB/s, done.
Resolving deltas: 100% (31/31), done.
Cloned: manicman1999_stylegan2-tensorflow-2.0
mkdir: cannot create directory ‘dataset/manicman1999_stylegan2-tensorflow-2.0’: File exists
Cloning into 'projects/clovaai_stargan-v2-tensorflow'...
remote: Enumerating objects: 124, done.
remote: Counting objects: 100% (122/122), done.
remote: Compressing objects: 100% (101/101), done.
remote: Total 124 (delta 25), reused 111 (delta 21), pack-reused 2
Receiving objects: 100% (124/124), 22.66 MiB | 17.73 MiB/s, done.
Resolving deltas: 100% (25/25), done.
Cloned: clovaai_stargan-v2-tensorflow
mkdir: cannot create directory ‘dataset/clovaai_stargan-v2-tensorflow’: File exists
Cloning into 'projects/mingtaoguo_dcgan_wgan_wgan-gp_lsgan_sngan_rsgan_began_acgan_pggan_tensorflow'...
remote: Enumerating objects: 322, done.
remote: Counting objects: 100% (10/10), done.
remote: Compressing objects: 100% (10/10), done.
remote: Total 322 (delta 4), reused 0 (delta 0), pack-reused 312
Receiving objects: 100% (322/322), 2.17 MiB | 13.25 MiB/s, done.
Resolving deltas: 100% (150/150), done.
Cloned: mingtaoguo_dcgan_wgan_wgan-gp_lsgan_sngan_rsgan_began_acgan_pggan_tensorflow
mkdir: cannot create directory ‘dataset/mingtaoguo_dcgan_wgan_wgan-gp_lsgan_sngan_rsgan_began_acgan_pggan_tensorflow’: File exists
Cloning into 'projects/ckmarkoh_neuralart_tensorflow'...
remote: Enumerating objects: 37, done.
remote: Counting objects: 100% (5/5), done.
remote: Compressing objects: 100% (5/5), done.
remote: Total 37 (delta 0), reused 1 (delta 0), pack-reused 32
Receiving objects: 100% (37/37), 1008.33 KiB | 6.91 MiB/s, done.
Resolving deltas: 100% (12/12), done.
Cloned: ckmarkoh_neuralart_tensorflow
mkdir: cannot create directory ‘dataset/ckmarkoh_neuralart_tensorflow’: File exists
Cloning into 'projects/spotify_spotify-tensorflow'...
remote: Enumerating objects: 1993, done.
remote: Counting objects: 100% (47/47), done.
remote: Compressing objects: 100% (33/33), done.
remote: Total 1993 (delta 21), reused 31 (delta 14), pack-reused 1946
Receiving objects: 100% (1993/1993), 1.07 MiB | 7.79 MiB/s, done.
Resolving deltas: 100% (1227/1227), done.
Cloned: spotify_spotify-tensorflow
mkdir: cannot create directory ‘dataset/spotify_spotify-tensorflow’: File exists
Cloning into 'projects/thunlp_tensorflow-transx'...
remote: Enumerating objects: 117, done.
remote: Counting objects: 100% (3/3), done.
remote: Compressing objects: 100% (3/3), done.
remote: Total 117 (delta 0), reused 1 (delta 0), pack-reused 114
Receiving objects: 100% (117/117), 6.01 MiB | 10.33 MiB/s, done.
Resolving deltas: 100% (52/52), done.
Cloned: thunlp_tensorflow-transx
mkdir: cannot create directory ‘dataset/thunlp_tensorflow-transx’: File exists
Cloning into 'projects/mnicnc404_cartoongan-tensorflow'...
remote: Enumerating objects: 1605, done.
remote: Counting objects: 100% (60/60), done.
remote: Compressing objects: 100% (13/13), done.
remote: Total 1605 (delta 54), reused 47 (delta 47), pack-reused 1545
Receiving objects: 100% (1605/1605), 345.94 MiB | 15.69 MiB/s, done.
Resolving deltas: 100% (701/701), done.
Updating files: 100% (425/425), done.
Cloned: mnicnc404_cartoongan-tensorflow
mkdir: cannot create directory ‘dataset/mnicnc404_cartoongan-tensorflow’: File exists
Cloning into 'projects/tensorflow_ranking'...
remote: Enumerating objects: 5951, done.
remote: Counting objects: 100% (1819/1819), done.
remote: Compressing objects: 100% (377/377), done.
remote: Total 5951 (delta 1474), reused 1761 (delta 1419), pack-reused 4132
Receiving objects: 100% (5951/5951), 6.30 MiB | 18.17 MiB/s, done.
Resolving deltas: 100% (4577/4577), done.
Cloned: tensorflow_ranking
mkdir: cannot create directory ‘dataset/tensorflow_ranking’: File exists
Cloning into 'projects/google-research_tensorflow_constrained_optimization'...
remote: Enumerating objects: 1336, done.
remote: Counting objects: 100% (713/713), done.
remote: Compressing objects: 100% (313/313), done.
remote: Total 1336 (delta 526), reused 579 (delta 397), pack-reused 623
Receiving objects: 100% (1336/1336), 1.51 MiB | 3.50 MiB/s, done.
Resolving deltas: 100% (1005/1005), done.
Cloned: google-research_tensorflow_constrained_optimization
mkdir: cannot create directory ‘dataset/google-research_tensorflow_constrained_optimization’: File exists
Cloning into 'projects/google-research_tensorflow-coder'...
remote: Enumerating objects: 302, done.
remote: Counting objects: 100% (302/302), done.
remote: Compressing objects: 100% (185/185), done.
remote: Total 302 (delta 190), reused 224 (delta 117), pack-reused 0
Receiving objects: 100% (302/302), 30.88 MiB | 23.06 MiB/s, done.
Resolving deltas: 100% (190/190), done.
Cloned: google-research_tensorflow-coder
mkdir: cannot create directory ‘dataset/google-research_tensorflow-coder’: File exists
Cloning into 'projects/akanyaani_gpt-2-tensorflow2.0'...
remote: Enumerating objects: 1475, done.
remote: Counting objects: 100% (118/118), done.
remote: Compressing objects: 100% (43/43), done.
remote: Total 1475 (delta 93), reused 75 (delta 75), pack-reused 1357
Receiving objects: 100% (1475/1475), 4.79 MiB | 14.91 MiB/s, done.
Resolving deltas: 100% (384/384), done.
Cloned: akanyaani_gpt-2-tensorflow2.0
mkdir: cannot create directory ‘dataset/akanyaani_gpt-2-tensorflow2.0’: File exists
Cloning into 'projects/sullychen_autopilot-tensorflow'...
remote: Enumerating objects: 185, done.
remote: Counting objects: 100% (12/12), done.
remote: Compressing objects: 100% (12/12), done.
remote: Total 185 (delta 6), reused 0 (delta 0), pack-reused 173
Receiving objects: 100% (185/185), 34.74 MiB | 12.38 MiB/s, done.
Resolving deltas: 100% (97/97), done.
Cloned: sullychen_autopilot-tensorflow
mkdir: cannot create directory ‘dataset/sullychen_autopilot-tensorflow’: File exists
Cloning into 'projects/tensorflow_kfac'...
remote: Enumerating objects: 1251, done.
remote: Counting objects: 100% (213/213), done.
remote: Compressing objects: 100% (95/95), done.
remote: Total 1251 (delta 125), reused 195 (delta 117), pack-reused 1038
Receiving objects: 100% (1251/1251), 1.80 MiB | 2.66 MiB/s, done.
Resolving deltas: 100% (833/833), done.
Cloned: tensorflow_kfac
mkdir: cannot create directory ‘dataset/tensorflow_kfac’: File exists
Cloning into 'projects/ahmetozlu_tensorflow_object_counting_api'...
remote: Enumerating objects: 1190, done.
remote: Counting objects: 100% (162/162), done.
remote: Compressing objects: 100% (72/72), done.
remote: Total 1190 (delta 95), reused 133 (delta 88), pack-reused 1028
Receiving objects: 100% (1190/1190), 333.86 MiB | 17.36 MiB/s, done.
Resolving deltas: 100% (577/577), done.
Updating files: 100% (561/561), done.
Cloned: ahmetozlu_tensorflow_object_counting_api
mkdir: cannot create directory ‘dataset/ahmetozlu_tensorflow_object_counting_api’: File exists
Cloning into 'projects/yeephycho_tensorflow-face-detection'...
remote: Enumerating objects: 129, done.
remote: Counting objects: 100% (4/4), done.
remote: Compressing objects: 100% (4/4), done.
remote: Total 129 (delta 0), reused 2 (delta 0), pack-reused 125
Receiving objects: 100% (129/129), 20.31 MiB | 3.97 MiB/s, done.
Resolving deltas: 100% (63/63), done.
Cloned: yeephycho_tensorflow-face-detection
mkdir: cannot create directory ‘dataset/yeephycho_tensorflow-face-detection’: File exists
Cloning into 'projects/ahmetozlu_vehicle_counting_tensorflow'...
remote: Enumerating objects: 1463, done.
remote: Total 1463 (delta 0), reused 0 (delta 0), pack-reused 1463
Receiving objects: 100% (1463/1463), 243.66 MiB | 16.51 MiB/s, done.
Resolving deltas: 100% (723/723), done.
Cloned: ahmetozlu_vehicle_counting_tensorflow
mkdir: cannot create directory ‘dataset/ahmetozlu_vehicle_counting_tensorflow’: File exists
Cloning into 'projects/calmisential_tensorflow2.0_resnet'...
remote: Enumerating objects: 1665, done.
remote: Counting objects: 100% (13/13), done.
remote: Compressing objects: 100% (11/11), done.
remote: Total 1665 (delta 3), reused 8 (delta 2), pack-reused 1652
Receiving objects: 100% (1665/1665), 16.51 MiB | 27.19 MiB/s, done.
Resolving deltas: 100% (163/163), done.
Cloned: calmisential_tensorflow2.0_resnet
mkdir: cannot create directory ‘dataset/calmisential_tensorflow2.0_resnet’: File exists
Cloning into 'projects/mystic123_tensorflow-yolo-v3'...
remote: Enumerating objects: 232, done.
remote: Counting objects: 100% (10/10), done.
remote: Compressing objects: 100% (10/10), done.
remote: Total 232 (delta 4), reused 1 (delta 0), pack-reused 222
Receiving objects: 100% (232/232), 64.25 KiB | 2.79 MiB/s, done.
Resolving deltas: 100% (118/118), done.
Cloned: mystic123_tensorflow-yolo-v3
mkdir: cannot create directory ‘dataset/mystic123_tensorflow-yolo-v3’: File exists
Cloning into 'projects/philipperemy_tensorflow-ctc-speech-recognition'...
remote: Enumerating objects: 165, done.
remote: Counting objects: 100% (12/12), done.
remote: Compressing objects: 100% (12/12), done.
remote: Total 165 (delta 3), reused 1 (delta 0), pack-reused 153
Receiving objects: 100% (165/165), 651.55 KiB | 5.87 MiB/s, done.
Resolving deltas: 100% (81/81), done.
Cloned: philipperemy_tensorflow-ctc-speech-recognition
mkdir: cannot create directory ‘dataset/philipperemy_tensorflow-ctc-speech-recognition’: File exists
Cloning into 'projects/jason9693_musictransformer-tensorflow2.0'...
remote: Enumerating objects: 3095, done.
remote: Counting objects: 100% (56/56), done.
remote: Compressing objects: 100% (38/38), done.
remote: Total 3095 (delta 30), reused 34 (delta 18), pack-reused 3039
Receiving objects: 100% (3095/3095), 56.43 MiB | 19.83 MiB/s, done.
Resolving deltas: 100% (293/293), done.
Cloned: jason9693_musictransformer-tensorflow2.0
mkdir: cannot create directory ‘dataset/jason9693_musictransformer-tensorflow2.0’: File exists
Cloning into 'projects/morvanzhou_tensorflow-tutorial'...
remote: Enumerating objects: 231, done.
remote: Total 231 (delta 0), reused 0 (delta 0), pack-reused 231
Receiving objects: 100% (231/231), 37.97 MiB | 25.02 MiB/s, done.
Resolving deltas: 100% (118/118), done.
Cloned: morvanzhou_tensorflow-tutorial
mkdir: cannot create directory ‘dataset/morvanzhou_tensorflow-tutorial’: File exists
Cloning into 'projects/paulpauls_tensorflow-neuroevolution'...
remote: Enumerating objects: 470, done.
remote: Counting objects: 100% (4/4), done.
remote: Compressing objects: 100% (3/3), done.
remote: Total 470 (delta 1), reused 2 (delta 1), pack-reused 466
Receiving objects: 100% (470/470), 1.60 MiB | 9.17 MiB/s, done.
Resolving deltas: 100% (203/203), done.
Cloned: paulpauls_tensorflow-neuroevolution
mkdir: cannot create directory ‘dataset/paulpauls_tensorflow-neuroevolution’: File exists
Cloning into 'projects/rishizek_tensorflow-deeplab-v3-plus'...
remote: Enumerating objects: 271, done.
remote: Counting objects: 100% (3/3), done.
remote: Compressing objects: 100% (3/3), done.
remote: Total 271 (delta 0), reused 0 (delta 0), pack-reused 268
Receiving objects: 100% (271/271), 425.88 KiB | 4.79 MiB/s, done.
Resolving deltas: 100% (162/162), done.
Cloned: rishizek_tensorflow-deeplab-v3-plus
mkdir: cannot create directory ‘dataset/rishizek_tensorflow-deeplab-v3-plus’: File exists
Cloning into 'projects/bmw-innovationlab_bmw-tensorflow-training-gui'...
remote: Enumerating objects: 2860, done.
remote: Counting objects: 100% (95/95), done.
remote: Compressing objects: 100% (65/65), done.
remote: Total 2860 (delta 52), reused 32 (delta 29), pack-reused 2765
Receiving objects: 100% (2860/2860), 265.93 MiB | 15.11 MiB/s, done.
Resolving deltas: 100% (1304/1304), done.
Cloned: bmw-innovationlab_bmw-tensorflow-training-gui
mkdir: cannot create directory ‘dataset/bmw-innovationlab_bmw-tensorflow-training-gui’: File exists
Cloning into 'projects/byronnar_tensorflow-serving-yolov3'...
remote: Enumerating objects: 613, done.
remote: Counting objects: 100% (15/15), done.
remote: Compressing objects: 100% (15/15), done.
remote: Total 613 (delta 9), reused 0 (delta 0), pack-reused 598
Receiving objects: 100% (613/613), 46.03 MiB | 7.10 MiB/s, done.
Resolving deltas: 100% (203/203), done.
Cloned: byronnar_tensorflow-serving-yolov3
mkdir: cannot create directory ‘dataset/byronnar_tensorflow-serving-yolov3’: File exists
Cloning into 'projects/ibm_tensorflow-hangul-recognition'...
remote: Enumerating objects: 595, done.
remote: Counting objects: 100% (28/28), done.
remote: Compressing objects: 100% (22/22), done.
remote: Total 595 (delta 6), reused 26 (delta 5), pack-reused 567
Receiving objects: 100% (595/595), 79.26 MiB | 29.29 MiB/s, done.
Resolving deltas: 100% (251/251), done.
Cloned: ibm_tensorflow-hangul-recognition
mkdir: cannot create directory ‘dataset/ibm_tensorflow-hangul-recognition’: File exists
Cloning into 'projects/detectionteamucas_retinanet_tensorflow_rotation'...
remote: Enumerating objects: 425, done.
remote: Counting objects: 100% (31/31), done.
remote: Compressing objects: 100% (18/18), done.
remote: Total 425 (delta 28), reused 13 (delta 13), pack-reused 394
Receiving objects: 100% (425/425), 55.41 MiB | 23.77 MiB/s, done.
Resolving deltas: 100% (213/213), done.
Cloned: detectionteamucas_retinanet_tensorflow_rotation
mkdir: cannot create directory ‘dataset/detectionteamucas_retinanet_tensorflow_rotation’: File exists
Cloning into 'projects/tensorflow_moonlight'...
remote: Enumerating objects: 1082, done.
remote: Counting objects: 100% (28/28), done.
remote: Compressing objects: 100% (27/27), done.
remote: Total 1082 (delta 7), reused 5 (delta 1), pack-reused 1054
Receiving objects: 100% (1082/1082), 2.98 MiB | 15.19 MiB/s, done.
Resolving deltas: 100% (655/655), done.
Cloned: tensorflow_moonlight
mkdir: cannot create directory ‘dataset/tensorflow_moonlight’: File exists
Cloning into 'projects/maybeshewill-cv_crnn_tensorflow'...
remote: Enumerating objects: 1344, done.
remote: Counting objects: 100% (66/66), done.
remote: Compressing objects: 100% (45/45), done.
remote: Total 1344 (delta 32), reused 48 (delta 21), pack-reused 1278
Receiving objects: 100% (1344/1344), 557.40 MiB | 12.76 MiB/s, done.
Resolving deltas: 100% (740/740), done.
Cloned: maybeshewill-cv_crnn_tensorflow
mkdir: cannot create directory ‘dataset/maybeshewill-cv_crnn_tensorflow’: File exists
Cloning into 'projects/bmw-innovationlab_bmw-tensorflow-inference-api-gpu'...
remote: Enumerating objects: 743, done.
remote: Counting objects: 100% (571/571), done.
remote: Compressing objects: 100% (210/210), done.
remote: Total 743 (delta 368), reused 551 (delta 360), pack-reused 172
Receiving objects: 100% (743/743), 15.60 MiB | 10.67 MiB/s, done.
Resolving deltas: 100% (419/419), done.
Cloned: bmw-innovationlab_bmw-tensorflow-inference-api-gpu
mkdir: cannot create directory ‘dataset/bmw-innovationlab_bmw-tensorflow-inference-api-gpu’: File exists
Cloning into 'projects/bmw-innovationlab_bmw-tensorflow-inference-api-cpu'...
remote: Enumerating objects: 1333, done.
remote: Counting objects: 100% (7/7), done.
remote: Total 1333 (delta 6), reused 6 (delta 6), pack-reused 1326
Receiving objects: 100% (1333/1333), 10.17 MiB | 20.65 MiB/s, done.
Resolving deltas: 100% (828/828), done.
Cloned: bmw-innovationlab_bmw-tensorflow-inference-api-cpu
mkdir: cannot create directory ‘dataset/bmw-innovationlab_bmw-tensorflow-inference-api-cpu’: File exists
Cloning into 'projects/thinklab-sjtu_csl_retinanet_tensorflow'...
remote: Enumerating objects: 502, done.
remote: Counting objects: 100% (155/155), done.
remote: Compressing objects: 100% (53/53), done.
remote: Total 502 (delta 133), reused 102 (delta 102), pack-reused 347
Receiving objects: 100% (502/502), 25.54 MiB | 14.00 MiB/s, done.
Resolving deltas: 100% (287/287), done.
Cloned: thinklab-sjtu_csl_retinanet_tensorflow
mkdir: cannot create directory ‘dataset/thinklab-sjtu_csl_retinanet_tensorflow’: File exists
Cloning into 'projects/aws_sagemaker-tensorflow-serving-container'...
remote: Enumerating objects: 1862, done.
remote: Counting objects: 100% (504/504), done.
remote: Compressing objects: 100% (96/96), done.
remote: Total 1862 (delta 464), reused 408 (delta 408), pack-reused 1358
Receiving objects: 100% (1862/1862), 4.85 MiB | 19.27 MiB/s, done.
Resolving deltas: 100% (1031/1031), done.
Cloned: aws_sagemaker-tensorflow-serving-container
mkdir: cannot create directory ‘dataset/aws_sagemaker-tensorflow-serving-container’: File exists
Cloning into 'projects/detectionteamucas_r2cnn_faster-rcnn_tensorflow'...
remote: Enumerating objects: 646, done.
remote: Total 646 (delta 0), reused 0 (delta 0), pack-reused 646
Receiving objects: 100% (646/646), 281.37 MiB | 2.43 MiB/s, done.
Resolving deltas: 100% (275/275), done.
Cloned: detectionteamucas_r2cnn_faster-rcnn_tensorflow
mkdir: cannot create directory ‘dataset/detectionteamucas_r2cnn_faster-rcnn_tensorflow’: File exists
Cloning into 'projects/amir-abdi_keras_to_tensorflow'...
remote: Enumerating objects: 166, done.
remote: Total 166 (delta 0), reused 0 (delta 0), pack-reused 166
Receiving objects: 100% (166/166), 147.14 KiB | 2.88 MiB/s, done.
Resolving deltas: 100% (82/82), done.
Cloned: amir-abdi_keras_to_tensorflow
mkdir: cannot create directory ‘dataset/amir-abdi_keras_to_tensorflow’: File exists
Cloning into 'projects/hunglc007_tensorflow-yolov4-tflite'...
remote: Enumerating objects: 790, done.
remote: Total 790 (delta 0), reused 0 (delta 0), pack-reused 790
Receiving objects: 100% (790/790), 197.64 MiB | 13.79 MiB/s, done.
Resolving deltas: 100% (375/375), done.
Cloned: hunglc007_tensorflow-yolov4-tflite
mkdir: cannot create directory ‘dataset/hunglc007_tensorflow-yolov4-tflite’: File exists
Cloning into 'projects/thinklab-sjtu_r3det_tensorflow'...
remote: Enumerating objects: 1073, done.
remote: Counting objects: 100% (205/205), done.
remote: Compressing objects: 100% (30/30), done.
remote: Total 1073 (delta 188), reused 176 (delta 175), pack-reused 868
Receiving objects: 100% (1073/1073), 7.04 MiB | 12.82 MiB/s, done.
Resolving deltas: 100% (735/735), done.
Cloned: thinklab-sjtu_r3det_tensorflow
mkdir: cannot create directory ‘dataset/thinklab-sjtu_r3det_tensorflow’: File exists
Cloning into 'projects/lynnho_dcgan-lsgan-wgan-gp-dragan-tensorflow-2'...
remote: Enumerating objects: 276, done.
remote: Counting objects: 100% (15/15), done.
remote: Compressing objects: 100% (11/11), done.
remote: Total 276 (delta 8), reused 9 (delta 4), pack-reused 261
Receiving objects: 100% (276/276), 16.06 MiB | 4.75 MiB/s, done.
Resolving deltas: 100% (135/135), done.
Cloned: lynnho_dcgan-lsgan-wgan-gp-dragan-tensorflow-2
mkdir: cannot create directory ‘dataset/lynnho_dcgan-lsgan-wgan-gp-dragan-tensorflow-2’: File exists
Cloning into 'projects/lynnho_cyclegan-tensorflow-2'...
remote: Enumerating objects: 203, done.
remote: Total 203 (delta 0), reused 0 (delta 0), pack-reused 203
Receiving objects: 100% (203/203), 2.63 MiB | 12.17 MiB/s, done.
Resolving deltas: 100% (84/84), done.
Cloned: lynnho_cyclegan-tensorflow-2
mkdir: cannot create directory ‘dataset/lynnho_cyclegan-tensorflow-2’: File exists
Cloning into 'projects/lynnho_attgan-tensorflow'...
remote: Enumerating objects: 276, done.
remote: Total 276 (delta 0), reused 0 (delta 0), pack-reused 276
Receiving objects: 100% (276/276), 35.02 MiB | 20.61 MiB/s, done.
Resolving deltas: 100% (120/120), done.
Cloned: lynnho_attgan-tensorflow
mkdir: cannot create directory ‘dataset/lynnho_attgan-tensorflow’: File exists
Cloning into 'projects/leimao_frozen-graph-tensorflow'...
remote: Enumerating objects: 115, done.
remote: Counting objects: 100% (5/5), done.
remote: Compressing objects: 100% (5/5), done.
remote: Total 115 (delta 0), reused 0 (delta 0), pack-reused 110
Receiving objects: 100% (115/115), 31.16 KiB | 1.56 MiB/s, done.
Resolving deltas: 100% (58/58), done.
Cloned: leimao_frozen-graph-tensorflow
mkdir: cannot create directory ‘dataset/leimao_frozen-graph-tensorflow’: File exists
Cloning into 'projects/google_tensorflow-recorder'...
remote: Enumerating objects: 888, done.
remote: Counting objects: 100% (98/98), done.
remote: Compressing objects: 100% (31/31), done.
remote: Total 888 (delta 77), reused 67 (delta 67), pack-reused 790
Receiving objects: 100% (888/888), 6.72 MiB | 2.83 MiB/s, done.
Resolving deltas: 100% (553/553), done.
Cloned: google_tensorflow-recorder
mkdir: cannot create directory ‘dataset/google_tensorflow-recorder’: File exists
Cloning into 'projects/tensorflow_tensor2tensor'...
remote: Enumerating objects: 34092, done.
remote: Counting objects: 100% (1219/1219), done.
remote: Compressing objects: 100% (518/518), done.
remote: Total 34092 (delta 782), reused 923 (delta 701), pack-reused 32873
Receiving objects: 100% (34092/34092), 17.32 MiB | 22.14 MiB/s, done.
Resolving deltas: 100% (27437/27437), done.
Cloned: tensorflow_tensor2tensor
mkdir: cannot create directory ‘dataset/tensorflow_tensor2tensor’: File exists
Cloning into 'projects/edjeelectronics_tensorflow-object-detection-api-tutorial-train-multiple-objects-windows-10'...
remote: Enumerating objects: 1235, done.
remote: Counting objects: 100% (36/36), done.
remote: Compressing objects: 100% (27/27), done.
remote: Total 1235 (delta 17), reused 24 (delta 8), pack-reused 1199
Receiving objects: 100% (1235/1235), 57.70 MiB | 13.22 MiB/s, done.
Resolving deltas: 100% (627/627), done.
Cloned: edjeelectronics_tensorflow-object-detection-api-tutorial-train-multiple-objects-windows-10
mkdir: cannot create directory ‘dataset/edjeelectronics_tensorflow-object-detection-api-tutorial-train-multiple-objects-windows-10’: File exists
Cloning into 'projects/packtpublishing_tensorflow-machine-learning-cookbook'...
remote: Enumerating objects: 223, done.
remote: Counting objects: 100% (28/28), done.
remote: Compressing objects: 100% (28/28), done.
remote: Total 223 (delta 18), reused 0 (delta 0), pack-reused 195
Receiving objects: 100% (223/223), 196.01 KiB | 3.77 MiB/s, done.
Resolving deltas: 100% (76/76), done.
Cloned: packtpublishing_tensorflow-machine-learning-cookbook
mkdir: cannot create directory ‘dataset/packtpublishing_tensorflow-machine-learning-cookbook’: File exists
Cloning into 'projects/tensorflow_lattice'...
remote: Enumerating objects: 1139, done.
remote: Counting objects: 100% (237/237), done.
remote: Compressing objects: 100% (159/159), done.
remote: Total 1139 (delta 152), reused 150 (delta 77), pack-reused 902
Receiving objects: 100% (1139/1139), 1.65 MiB | 11.63 MiB/s, done.
Resolving deltas: 100% (720/720), done.
Cloned: tensorflow_lattice
mkdir: cannot create directory ‘dataset/tensorflow_lattice’: File exists
Cloning into 'projects/packtpublishing_deep-learning-with-tensorflow'...
remote: Enumerating objects: 248, done.
remote: Counting objects: 100% (24/24), done.
remote: Compressing objects: 100% (24/24), done.
remote: Total 248 (delta 15), reused 0 (delta 0), pack-reused 224
Receiving objects: 100% (248/248), 18.34 MiB | 26.16 MiB/s, done.
Resolving deltas: 100% (87/87), done.
Cloned: packtpublishing_deep-learning-with-tensorflow
mkdir: cannot create directory ‘dataset/packtpublishing_deep-learning-with-tensorflow’: File exists
Cloning into 'projects/packtpublishing_hands-on-neural-networks-with-tensorflow-2.0'...
remote: Enumerating objects: 171, done.
remote: Counting objects: 100% (41/41), done.
remote: Compressing objects: 100% (41/41), done.
remote: Total 171 (delta 15), reused 0 (delta 0), pack-reused 130
Receiving objects: 100% (171/171), 357.33 KiB | 3.25 MiB/s, done.
Resolving deltas: 100% (61/61), done.
Cloned: packtpublishing_hands-on-neural-networks-with-tensorflow-2.0
mkdir: cannot create directory ‘dataset/packtpublishing_hands-on-neural-networks-with-tensorflow-2.0’: File exists
Cloning into 'projects/aws_sagemaker-tensorflow-training-toolkit'...
remote: Enumerating objects: 3234, done.
remote: Counting objects: 100% (143/143), done.
remote: Compressing objects: 100% (100/100), done.
remote: Total 3234 (delta 72), reused 87 (delta 32), pack-reused 3091
Receiving objects: 100% (3234/3234), 14.44 MiB | 20.04 MiB/s, done.
Resolving deltas: 100% (1713/1713), done.
Cloned: aws_sagemaker-tensorflow-training-toolkit
mkdir: cannot create directory ‘dataset/aws_sagemaker-tensorflow-training-toolkit’: File exists
Cloning into 'projects/sushant097_handwritten-line-text-recognition-using-deep-learning-with-tensorflow'...
remote: Enumerating objects: 218, done.
remote: Counting objects: 100% (23/23), done.
remote: Compressing objects: 100% (23/23), done.
remote: Total 218 (delta 13), reused 1 (delta 0), pack-reused 195
Receiving objects: 100% (218/218), 2.23 MiB | 13.10 MiB/s, done.
Resolving deltas: 100% (73/73), done.
Cloned: sushant097_handwritten-line-text-recognition-using-deep-learning-with-tensorflow
mkdir: cannot create directory ‘dataset/sushant097_handwritten-line-text-recognition-using-deep-learning-with-tensorflow’: File exists
Cloning into 'projects/wizyoung_yolov3_tensorflow'...
remote: Enumerating objects: 228, done.
remote: Total 228 (delta 0), reused 0 (delta 0), pack-reused 228
Receiving objects: 100% (228/228), 3.16 MiB | 11.49 MiB/s, done.
Resolving deltas: 100% (130/130), done.
Cloned: wizyoung_yolov3_tensorflow
mkdir: cannot create directory ‘dataset/wizyoung_yolov3_tensorflow’: File exists
Cloning into 'projects/instillai_tensorflow-course'...
remote: Enumerating objects: 1053, done.
remote: Counting objects: 100% (103/103), done.
remote: Compressing objects: 100% (50/50), done.
remote: Total 1053 (delta 55), reused 80 (delta 52), pack-reused 950
Receiving objects: 100% (1053/1053), 21.15 MiB | 19.51 MiB/s, done.
Resolving deltas: 100% (521/521), done.
Cloned: instillai_tensorflow-course
mkdir: cannot create directory ‘dataset/instillai_tensorflow-course’: File exists
Cloning into 'projects/astorfi_tensorflow-world'...
remote: Enumerating objects: 3235, done.
remote: Counting objects: 100% (22/22), done.
remote: Compressing objects: 100% (10/10), done.
remote: Total 3235 (delta 11), reused 22 (delta 11), pack-reused 3213
Receiving objects: 100% (3235/3235), 25.74 MiB | 13.31 MiB/s, done.
Resolving deltas: 100% (1700/1700), done.
Cloned: astorfi_tensorflow-world
mkdir: cannot create directory ‘dataset/astorfi_tensorflow-world’: File exists
Cloning into 'projects/yahoo_tensorflowonspark'...
remote: Enumerating objects: 4227, done.
remote: Counting objects: 100% (442/442), done.
remote: Compressing objects: 100% (226/226), done.
remote: Total 4227 (delta 260), reused 360 (delta 209), pack-reused 3785
Receiving objects: 100% (4227/4227), 9.27 MiB | 6.47 MiB/s, done.
Resolving deltas: 100% (2490/2490), done.
Cloned: yahoo_tensorflowonspark
mkdir: cannot create directory ‘dataset/yahoo_tensorflowonspark’: File exists
Cloning into 'projects/easy-tensorflow_easy-tensorflow'...
remote: Enumerating objects: 1306, done.
remote: Counting objects: 100% (7/7), done.
remote: Compressing objects: 100% (7/7), done.
remote: Total 1306 (delta 0), reused 5 (delta 0), pack-reused 1299
Receiving objects: 100% (1306/1306), 20.25 MiB | 19.38 MiB/s, done.
Resolving deltas: 100% (646/646), done.
Cloned: easy-tensorflow_easy-tensorflow
mkdir: cannot create directory ‘dataset/easy-tensorflow_easy-tensorflow’: File exists
Cloning into 'projects/calmisential_basic_cnns_tensorflow2'...
remote: Enumerating objects: 481, done.
remote: Counting objects: 100% (202/202), done.
remote: Compressing objects: 100% (24/24), done.
remote: Total 481 (delta 191), reused 178 (delta 178), pack-reused 279
Receiving objects: 100% (481/481), 79.63 KiB | 3.46 MiB/s, done.
Resolving deltas: 100% (345/345), done.
Cloned: calmisential_basic_cnns_tensorflow2
mkdir: cannot create directory ‘dataset/calmisential_basic_cnns_tensorflow2’: File exists
Cloning into 'projects/yunyang1994_tensorflow-yolov3'...
remote: Enumerating objects: 1772, done.
remote: Counting objects: 100% (27/27), done.
remote: Compressing objects: 100% (25/25), done.
remote: Total 1772 (delta 10), reused 8 (delta 2), pack-reused 1745
Receiving objects: 100% (1772/1772), 62.87 MiB | 18.49 MiB/s, done.
Resolving deltas: 100% (1068/1068), done.
Cloned: yunyang1994_tensorflow-yolov3
mkdir: cannot create directory ‘dataset/yunyang1994_tensorflow-yolov3’: File exists
Cloning into 'projects/lyhue1991_eat_tensorflow2_in_30_days'...
remote: Enumerating objects: 14635, done.
remote: Counting objects: 100% (18/18), done.
remote: Compressing objects: 100% (14/14), done.
remote: Total 14635 (delta 8), reused 8 (delta 4), pack-reused 14617
Receiving objects: 100% (14635/14635), 59.88 MiB | 11.25 MiB/s, done.
Resolving deltas: 100% (13241/13241), done.
Updating files: 100% (12529/12529), done.
Cloned: lyhue1991_eat_tensorflow2_in_30_days
mkdir: cannot create directory ‘dataset/lyhue1991_eat_tensorflow2_in_30_days’: File exists
Cloning into 'projects/maybeshewill-cv_bisenetv2-tensorflow'...
remote: Enumerating objects: 863, done.
remote: Counting objects: 100% (24/24), done.
remote: Compressing objects: 100% (20/20), done.
remote: Total 863 (delta 7), reused 13 (delta 4), pack-reused 839
Receiving objects: 100% (863/863), 395.69 MiB | 13.07 MiB/s, done.
Resolving deltas: 100% (379/379), done.
Cloned: maybeshewill-cv_bisenetv2-tensorflow
mkdir: cannot create directory ‘dataset/maybeshewill-cv_bisenetv2-tensorflow’: File exists
Cloning into 'projects/tensorspeech_tensorflowtts'...
remote: Enumerating objects: 10679, done.
remote: Total 10679 (delta 0), reused 0 (delta 0), pack-reused 10679
Receiving objects: 100% (10679/10679), 133.52 MiB | 13.21 MiB/s, done.
Resolving deltas: 100% (5162/5162), done.
Cloned: tensorspeech_tensorflowtts
mkdir: cannot create directory ‘dataset/tensorspeech_tensorflowtts’: File exists
Cloning into 'projects/tensorflow_benchmarks'...
remote: Enumerating objects: 5345, done.
remote: Counting objects: 100% (505/505), done.
remote: Compressing objects: 100% (212/212), done.
remote: Total 5345 (delta 303), reused 441 (delta 282), pack-reused 4840
Receiving objects: 100% (5345/5345), 3.27 MiB | 17.01 MiB/s, done.
Resolving deltas: 100% (3519/3519), done.
Cloned: tensorflow_benchmarks
mkdir: cannot create directory ‘dataset/tensorflow_benchmarks’: File exists
Cloning into 'projects/tensorflow_compression'...
remote: Enumerating objects: 3006, done.
remote: Counting objects: 100% (427/427), done.
remote: Compressing objects: 100% (208/208), done.
remote: Total 3006 (delta 251), reused 345 (delta 216), pack-reused 2579
Receiving objects: 100% (3006/3006), 1.40 MiB | 10.47 MiB/s, done.
Resolving deltas: 100% (1996/1996), done.
Cloned: tensorflow_compression
mkdir: cannot create directory ‘dataset/tensorflow_compression’: File exists
Cloning into 'projects/z-yq_tensorflowasr'...
remote: Enumerating objects: 1866, done.
remote: Counting objects: 100% (267/267), done.
remote: Compressing objects: 100% (179/179), done.
remote: Total 1866 (delta 143), reused 135 (delta 85), pack-reused 1599
Receiving objects: 100% (1866/1866), 272.55 MiB | 19.92 MiB/s, done.
Resolving deltas: 100% (1051/1051), done.
Cloned: z-yq_tensorflowasr
mkdir: cannot create directory ‘dataset/z-yq_tensorflowasr’: File exists
Cloning into 'projects/tensorflow_privacy'...
remote: Enumerating objects: 6512, done.
remote: Counting objects: 100% (1779/1779), done.
remote: Compressing objects: 100% (478/478), done.
remote: Total 6512 (delta 1436), reused 1384 (delta 1301), pack-reused 4733
Receiving objects: 100% (6512/6512), 2.75 MiB | 17.96 MiB/s, done.
Resolving deltas: 100% (4669/4669), done.
Cloned: tensorflow_privacy
mkdir: cannot create directory ‘dataset/tensorflow_privacy’: File exists
Cloning into 'projects/tensorflow_quantum'...
remote: Enumerating objects: 6865, done.
remote: Counting objects: 100% (2219/2219), done.
remote: Compressing objects: 100% (652/652), done.
remote: Total 6865 (delta 1911), reused 1655 (delta 1563), pack-reused 4646
Receiving objects: 100% (6865/6865), 24.81 MiB | 7.58 MiB/s, done.
Resolving deltas: 100% (5144/5144), done.
Cloned: tensorflow_quantum
mkdir: cannot create directory ‘dataset/tensorflow_quantum’: File exists
Cloning into 'projects/pinto0309_openvino2tensorflow'...
remote: Enumerating objects: 2943, done.
remote: Counting objects: 100% (863/863), done.
remote: Compressing objects: 100% (143/143), done.
remote: Total 2943 (delta 755), reused 789 (delta 719), pack-reused 2080
Receiving objects: 100% (2943/2943), 11.77 MiB | 12.26 MiB/s, done.
Resolving deltas: 100% (2017/2017), done.
Cloned: pinto0309_openvino2tensorflow
mkdir: cannot create directory ‘dataset/pinto0309_openvino2tensorflow’: File exists
Cloning into 'projects/tensorflow_model-analysis'...
remote: Enumerating objects: 14016, done.
remote: Counting objects: 100% (564/564), done.
remote: Compressing objects: 100% (257/257), done.
remote: Total 14016 (delta 358), reused 498 (delta 307), pack-reused 13452
Receiving objects: 100% (14016/14016), 21.97 MiB | 22.98 MiB/s, done.
Resolving deltas: 100% (10674/10674), done.
Cloned: tensorflow_model-analysis
mkdir: cannot create directory ‘dataset/tensorflow_model-analysis’: File exists
Cloning into 'projects/onnx_onnx-tensorflow'...
remote: Enumerating objects: 6516, done.
remote: Counting objects: 100% (465/465), done.
remote: Compressing objects: 100% (200/200), done.
remote: Total 6516 (delta 325), reused 383 (delta 261), pack-reused 6051
Receiving objects: 100% (6516/6516), 1.98 MiB | 12.30 MiB/s, done.
Resolving deltas: 100% (5050/5050), done.
Cloned: onnx_onnx-tensorflow
mkdir: cannot create directory ‘dataset/onnx_onnx-tensorflow’: File exists
Cloning into 'projects/tensorflow_agents'...
remote: Enumerating objects: 21200, done.
remote: Counting objects: 100% (1132/1132), done.
remote: Compressing objects: 100% (731/731), done.
remote: Total 21200 (delta 509), reused 749 (delta 400), pack-reused 20068
Receiving objects: 100% (21200/21200), 13.07 MiB | 23.40 MiB/s, done.
Resolving deltas: 100% (15905/15905), done.
Cloned: tensorflow_agents
mkdir: cannot create directory ‘dataset/tensorflow_agents’: File exists
Cloning into 'projects/tensorflow_model-card-toolkit'...
remote: Enumerating objects: 2000, done.
remote: Counting objects: 100% (616/616), done.
remote: Compressing objects: 100% (287/287), done.
remote: Total 2000 (delta 396), reused 389 (delta 328), pack-reused 1384
Receiving objects: 100% (2000/2000), 9.34 MiB | 30.16 MiB/s, done.
Resolving deltas: 100% (1328/1328), done.
Cloned: tensorflow_model-card-toolkit
mkdir: cannot create directory ‘dataset/tensorflow_model-card-toolkit’: File exists
Cloning into 'projects/tensorflow_recommenders-addons'...
remote: Enumerating objects: 3476, done.
remote: Counting objects: 100% (527/527), done.
remote: Compressing objects: 100% (294/294), done.
remote: Total 3476 (delta 294), reused 369 (delta 229), pack-reused 2949
Receiving objects: 100% (3476/3476), 12.13 MiB | 11.75 MiB/s, done.
Resolving deltas: 100% (2169/2169), done.
Cloned: tensorflow_recommenders-addons
mkdir: cannot create directory ‘dataset/tensorflow_recommenders-addons’: File exists
Cloning into 'projects/tensorflow_hub'...
remote: Enumerating objects: 10850, done.
remote: Counting objects: 100% (375/375), done.
remote: Compressing objects: 100% (191/191), done.
remote: Total 10850 (delta 219), reused 278 (delta 181), pack-reused 10475
Receiving objects: 100% (10850/10850), 13.26 MiB | 13.66 MiB/s, done.
Resolving deltas: 100% (6523/6523), done.
Cloned: tensorflow_hub
mkdir: cannot create directory ‘dataset/tensorflow_hub’: File exists
Cloning into 'projects/tensorflow_federated'...
remote: Enumerating objects: 62942, done.
remote: Counting objects: 100% (371/371), done.
remote: Compressing objects: 100% (172/172), done.
remote: Total 62942 (delta 215), reused 316 (delta 199), pack-reused 62571
Receiving objects: 100% (62942/62942), 87.57 MiB | 2.55 MiB/s, done.
Resolving deltas: 100% (51942/51942), done.
Cloned: tensorflow_federated
mkdir: cannot create directory ‘dataset/tensorflow_federated’: File exists
Cloning into 'projects/tensorflow_model-optimization'...
remote: Enumerating objects: 8997, done.
remote: Counting objects: 100% (778/778), done.
remote: Compressing objects: 100% (310/310), done.
remote: Total 8997 (delta 497), reused 652 (delta 445), pack-reused 8219
Receiving objects: 100% (8997/8997), 2.43 MiB | 12.61 MiB/s, done.
Resolving deltas: 100% (6197/6197), done.
Cloned: tensorflow_model-optimization
mkdir: cannot create directory ‘dataset/tensorflow_model-optimization’: File exists
Cloning into 'projects/tensorflow_neural-structured-learning'...
remote: Enumerating objects: 4306, done.
remote: Counting objects: 100% (1436/1436), done.
remote: Compressing objects: 100% (568/568), done.
remote: Total 4306 (delta 919), reused 1326 (delta 847), pack-reused 2870
Receiving objects: 100% (4306/4306), 29.47 MiB | 23.39 MiB/s, done.
Resolving deltas: 100% (2924/2924), done.
Cloned: tensorflow_neural-structured-learning
mkdir: cannot create directory ‘dataset/tensorflow_neural-structured-learning’: File exists
Cloning into 'projects/tensorflow_recommenders'...
remote: Enumerating objects: 2395, done.
remote: Counting objects: 100% (739/739), done.
remote: Compressing objects: 100% (279/279), done.
remote: Total 2395 (delta 511), reused 579 (delta 458), pack-reused 1656
Receiving objects: 100% (2395/2395), 851.56 KiB | 9.57 MiB/s, done.
Resolving deltas: 100% (1715/1715), done.
Cloned: tensorflow_recommenders
mkdir: cannot create directory ‘dataset/tensorflow_recommenders’: File exists
Cloning into 'projects/tensorflow_mesh'...
remote: Enumerating objects: 4067, done.
remote: Counting objects: 100% (524/524), done.
remote: Compressing objects: 100% (187/187), done.
remote: Total 4067 (delta 359), reused 407 (delta 333), pack-reused 3543
Receiving objects: 100% (4067/4067), 2.29 MiB | 15.34 MiB/s, done.
Resolving deltas: 100% (3084/3084), done.
Cloned: tensorflow_mesh
mkdir: cannot create directory ‘dataset/tensorflow_mesh’: File exists
Cloning into 'projects/tensorflow_data-validation'...
remote: Enumerating objects: 7708, done.
remote: Counting objects: 100% (1220/1220), done.
remote: Compressing objects: 100% (249/249), done.
remote: Total 7708 (delta 1010), reused 1123 (delta 965), pack-reused 6488
Receiving objects: 100% (7708/7708), 3.99 MiB | 18.66 MiB/s, done.
Resolving deltas: 100% (6088/6088), done.
Cloned: tensorflow_data-validation
mkdir: cannot create directory ‘dataset/tensorflow_data-validation’: File exists
Cloning into 'projects/tensorflow_datasets'...
remote: Enumerating objects: 119985, done.
remote: Counting objects: 100% (3718/3718), done.
remote: Compressing objects: 100% (1399/1399), done.
remote: Total 119985 (delta 1843), reused 3295 (delta 1699), pack-reused 116267
Receiving objects: 100% (119985/119985), 968.16 MiB | 2.26 MiB/s, done.
Resolving deltas: 100% (77722/77722), done.
Updating files: 100% (21723/21723), done.
Cloned: tensorflow_datasets
mkdir: cannot create directory ‘dataset/tensorflow_datasets’: File exists
Cloning into 'projects/tensorflow_addons'...
remote: Enumerating objects: 13562, done.
remote: Counting objects: 100% (428/428), done.
remote: Compressing objects: 100% (208/208), done.
remote: Total 13562 (delta 229), reused 360 (delta 202), pack-reused 13134
Receiving objects: 100% (13562/13562), 6.04 MiB | 9.02 MiB/s, done.
Resolving deltas: 100% (9775/9775), done.
Cloned: tensorflow_addons
mkdir: cannot create directory ‘dataset/tensorflow_addons’: File exists
Cloning into 'projects/tensorflow_transform'...
remote: Enumerating objects: 7538, done.
remote: Counting objects: 100% (572/572), done.
remote: Compressing objects: 100% (81/81), done.
remote: Total 7538 (delta 516), reused 500 (delta 491), pack-reused 6966
Receiving objects: 100% (7538/7538), 3.61 MiB | 8.96 MiB/s, done.
Resolving deltas: 100% (5979/5979), done.
Cloned: tensorflow_transform
mkdir: cannot create directory ‘dataset/tensorflow_transform’: File exists
Cloning into 'projects/tensorflow_cloud'...
remote: Enumerating objects: 4322, done.
remote: Counting objects: 100% (620/620), done.
remote: Compressing objects: 100% (243/243), done.
remote: Total 4322 (delta 390), reused 520 (delta 358), pack-reused 3702
Receiving objects: 100% (4322/4322), 1.84 MiB | 12.66 MiB/s, done.
Resolving deltas: 100% (2743/2743), done.
Cloned: tensorflow_cloud
mkdir: cannot create directory ‘dataset/tensorflow_cloud’: File exists
Cloning into 'projects/tensorflow_estimator'...
remote: Enumerating objects: 7948, done.
remote: Counting objects: 100% (1234/1234), done.
remote: Compressing objects: 100% (460/460), done.
remote: Total 7948 (delta 788), reused 1055 (delta 641), pack-reused 6714
Receiving objects: 100% (7948/7948), 4.57 MiB | 15.04 MiB/s, done.
Resolving deltas: 100% (5291/5291), done.
Cloned: tensorflow_estimator
mkdir: cannot create directory ‘dataset/tensorflow_estimator’: File exists
Cloning into 'projects/tensorflow_graphics'...
remote: Enumerating objects: 7290, done.
remote: Counting objects: 100% (62/62), done.
remote: Compressing objects: 100% (40/40), done.
remote: Total 7290 (delta 25), reused 53 (delta 22), pack-reused 7228
Receiving objects: 100% (7290/7290), 7.22 MiB | 11.14 MiB/s, done.
Resolving deltas: 100% (5091/5091), done.
Cloned: tensorflow_graphics
mkdir: cannot create directory ‘dataset/tensorflow_graphics’: File exists
Cloning into 'projects/tensorspeech_tensorflowasr'...
remote: Enumerating objects: 9571, done.
remote: Counting objects: 100% (2121/2121), done.
remote: Compressing objects: 100% (601/601), done.
remote: Total 9571 (delta 1610), reused 1870 (delta 1506), pack-reused 7450
Receiving objects: 100% (9571/9571), 91.25 MiB | 15.95 MiB/s, done.
Resolving deltas: 100% (6985/6985), done.
Cloned: tensorspeech_tensorflowasr
mkdir: cannot create directory ‘dataset/tensorspeech_tensorflowasr’: File exists
Cloning into 'projects/tensorflow_lingvo'...
remote: Enumerating objects: 67589, done.
remote: Counting objects: 100% (1454/1454), done.
remote: Compressing objects: 100% (442/442), done.
remote: Total 67589 (delta 1040), reused 1215 (delta 1010), pack-reused 66135
Receiving objects: 100% (67589/67589), 144.69 MiB | 13.51 MiB/s, done.
Resolving deltas: 100% (55862/55862), done.
Cloned: tensorflow_lingvo
mkdir: cannot create directory ‘dataset/tensorflow_lingvo’: File exists
Cloning into 'projects/tensorflow_models'...
remote: Enumerating objects: 88086, done.
remote: Counting objects: 100% (1798/1798), done.
remote: Compressing objects: 100% (744/744), done.
remote: Total 88086 (delta 1172), reused 1606 (delta 1036), pack-reused 86288
Receiving objects: 100% (88086/88086), 602.88 MiB | 13.01 MiB/s, done.
Resolving deltas: 100% (63070/63070), done.
Cloned: tensorflow_models
mkdir: cannot create directory ‘dataset/tensorflow_models’: File exists
Cloning into 'projects/tensorflow_tfx'...
remote: Enumerating objects: 58020, done.
remote: Counting objects: 100% (1904/1904), done.
remote: Compressing objects: 100% (730/730), done.
remote: Total 58020 (delta 1353), reused 1510 (delta 1170), pack-reused 56116
Receiving objects: 100% (58020/58020), 239.00 MiB | 15.67 MiB/s, done.
Resolving deltas: 100% (44558/44558), done.
Cloned: tensorflow_tfx
mkdir: cannot create directory ‘dataset/tensorflow_tfx’: File exists
Cloning into 'projects/pinto0309_tflite2tensorflow'...
remote: Enumerating objects: 1367, done.
remote: Counting objects: 100% (110/110), done.
remote: Compressing objects: 100% (93/93), done.
remote: Total 1367 (delta 45), reused 25 (delta 16), pack-reused 1257
Receiving objects: 100% (1367/1367), 34.65 MiB | 16.13 MiB/s, done.
Resolving deltas: 100% (850/850), done.
Cloned: pinto0309_tflite2tensorflow
mkdir: cannot create directory ‘dataset/pinto0309_tflite2tensorflow’: File exists
Cloning into 'projects/lynnho_eigengan-tensorflow'...
remote: Enumerating objects: 139, done.
remote: Counting objects: 100% (17/17), done.
remote: Compressing objects: 100% (13/13), done.
remote: Total 139 (delta 13), reused 4 (delta 4), pack-reused 122
Receiving objects: 100% (139/139), 74.17 MiB | 2.76 MiB/s, done.
Resolving deltas: 100% (25/25), done.
Cloned: lynnho_eigengan-tensorflow
mkdir: cannot create directory ‘dataset/lynnho_eigengan-tensorflow’: File exists
Cloning into 'projects/tensorflow_decision-forests'...
remote: Enumerating objects: 4751, done.
remote: Counting objects: 100% (678/678), done.
remote: Compressing objects: 100% (273/273), done.
remote: Total 4751 (delta 457), reused 530 (delta 404), pack-reused 4073
Receiving objects: 100% (4751/4751), 5.45 MiB | 10.93 MiB/s, done.
Resolving deltas: 100% (3413/3413), done.
Cloned: tensorflow_decision-forests
mkdir: cannot create directory ‘dataset/tensorflow_decision-forests’: File exists
Cloning into 'projects/tensorflow_gan'...
remote: Enumerating objects: 4493, done.
remote: Counting objects: 100% (1038/1038), done.
remote: Compressing objects: 100% (376/376), done.
remote: Total 4493 (delta 683), reused 966 (delta 659), pack-reused 3455
Receiving objects: 100% (4493/4493), 52.98 MiB | 10.77 MiB/s, done.
Resolving deltas: 100% (3189/3189), done.
Cloned: tensorflow_gan
mkdir: cannot create directory ‘dataset/tensorflow_gan’: File exists
Cloning into 'projects/tensorflow_similarity'...
remote: Enumerating objects: 7737, done.
remote: Counting objects: 100% (7737/7737), done.
remote: Compressing objects: 100% (2656/2656), done.
remote: Total 7737 (delta 4985), reused 6934 (delta 4827), pack-reused 0
Receiving objects: 100% (7737/7737), 181.30 MiB | 2.53 MiB/s, done.
Resolving deltas: 100% (4985/4985), done.
Cloned: tensorflow_similarity
mkdir: cannot create directory ‘dataset/tensorflow_similarity’: File exists
Cloning into 'projects/janmarcelkezmann_tensorflow-advanced-segmentation-models'...
remote: Enumerating objects: 837, done.
remote: Counting objects: 100% (26/26), done.
remote: Compressing objects: 100% (17/17), done.
remote: Total 837 (delta 13), reused 11 (delta 9), pack-reused 811
Receiving objects: 100% (837/837), 5.13 MiB | 19.47 MiB/s, done.
Resolving deltas: 100% (484/484), done.
Cloned: janmarcelkezmann_tensorflow-advanced-segmentation-models
mkdir: cannot create directory ‘dataset/janmarcelkezmann_tensorflow-advanced-segmentation-models’: File exists
Cloning into 'projects/tensorflow_gnn'...
remote: Enumerating objects: 7208, done.
remote: Counting objects: 100% (1204/1204), done.
remote: Compressing objects: 100% (426/426), done.
remote: Total 7208 (delta 826), reused 917 (delta 758), pack-reused 6004
Receiving objects: 100% (7208/7208), 5.49 MiB | 13.99 MiB/s, done.
Resolving deltas: 100% (5120/5120), done.
Cloned: tensorflow_gnn
mkdir: cannot create directory ‘dataset/tensorflow_gnn’: File exists
Cloning into 'projects/martinsbruveris_tensorflow-image-models'...
remote: Enumerating objects: 2341, done.
remote: Counting objects: 100% (1010/1010), done.
remote: Compressing objects: 100% (412/412), done.
remote: Total 2341 (delta 720), reused 662 (delta 597), pack-reused 1331
Receiving objects: 100% (2341/2341), 10.15 MiB | 14.68 MiB/s, done.
Resolving deltas: 100% (1550/1550), done.
Cloned: martinsbruveris_tensorflow-image-models
mkdir: cannot create directory ‘dataset/martinsbruveris_tensorflow-image-models’: File exists
Cloning into 'projects/rafiqhasan_auto-tensorflow'...
remote: Enumerating objects: 383, done.
remote: Counting objects: 100% (116/116), done.
remote: Compressing objects: 100% (56/56), done.
remote: Total 383 (delta 104), reused 60 (delta 60), pack-reused 267
Receiving objects: 100% (383/383), 1.06 MiB | 7.79 MiB/s, done.
Resolving deltas: 100% (205/205), done.
Cloned: rafiqhasan_auto-tensorflow
mkdir: cannot create directory ‘dataset/rafiqhasan_auto-tensorflow’: File exists
Cloning into 'projects/getnamo_tensorflow-unreal-examples'...
remote: Enumerating objects: 2200, done.
remote: Counting objects: 100% (3/3), done.
remote: Compressing objects: 100% (3/3), done.
remote: Total 2200 (delta 0), reused 0 (delta 0), pack-reused 2197
Receiving objects: 100% (2200/2200), 8.38 MiB | 10.40 MiB/s, done.
Resolving deltas: 100% (847/847), done.
Cloned: getnamo_tensorflow-unreal-examples
mkdir: cannot create directory ‘dataset/getnamo_tensorflow-unreal-examples’: File exists
Cloning into 'projects/divamgupta_stable-diffusion-tensorflow'...
remote: Enumerating objects: 449, done.
remote: Counting objects: 100% (153/153), done.
remote: Compressing objects: 100% (25/25), done.
remote: Total 449 (delta 139), reused 131 (delta 128), pack-reused 296
Receiving objects: 100% (449/449), 2.08 MiB | 11.88 MiB/s, done.
Resolving deltas: 100% (276/276), done.
Cloned: divamgupta_stable-diffusion-tensorflow
mkdir: cannot create directory ‘dataset/divamgupta_stable-diffusion-tensorflow’: File exists
Cloning into 'projects/morvanzhou_reinforcement-learning-with-tensorflow'...
remote: Enumerating objects: 720, done.
remote: Counting objects: 100% (15/15), done.
remote: Compressing objects: 100% (15/15), done.
remote: Total 720 (delta 5), reused 6 (delta 0), pack-reused 705
Receiving objects: 100% (720/720), 439.78 KiB | 2.20 MiB/s, done.
Resolving deltas: 100% (405/405), done.
Cloned: morvanzhou_reinforcement-learning-with-tensorflow
mkdir: cannot create directory ‘dataset/morvanzhou_reinforcement-learning-with-tensorflow’: File exists
Cloning completed.